#
# There is insufficient memory for the Java Runtime Environment to continue.
# Native memory allocation (mmap) failed to map 71303168 bytes for committing reserved memory.
# Possible reasons:
#   The system is out of physical RAM or swap space
#   In 32 bit mode, the process size limit was hit
# Possible solutions:
#   Reduce memory load on the system
#   Increase physical memory or swap space
#   Check if swap backing store is full
#   Use 64 bit Java on a 64 bit OS
#   Decrease Java heap size (-Xmx/-Xms)
#   Decrease number of Java threads
#   Decrease Java thread stack sizes (-Xss)
#   Set larger code cache with -XX:ReservedCodeCacheSize=
# This output file may be truncated or incomplete.
#
#  Out of Memory Error (os_linux.cpp:2640), pid=21804, tid=0x00007ffb5c4d2700
#
# JRE version: OpenJDK Runtime Environment (8.0_152-b06) (build 1.8.0_152-release-1136-b06)
# Java VM: OpenJDK 64-Bit Server VM (25.152-b06 mixed mode linux-amd64 compressed oops)
# Failed to write core dump. Core dumps have been disabled. To enable core dumping, try "ulimit -c unlimited" before starting Java again
#

---------------  T H R E A D  ---------------

Current thread (0x00007ffb7008b000):  VMThread [stack: 0x00007ffb5c3d3000,0x00007ffb5c4d3000] [id=21819]

Stack: [0x00007ffb5c3d3000,0x00007ffb5c4d3000],  sp=0x00007ffb5c4d1520,  free space=1017k
Native frames: (J=compiled Java code, j=interpreted, Vv=VM code, C=native code)
V  [libjvm.so+0xa70d3f]  VMError::report_and_die()+0x2af
V  [libjvm.so+0x4c7207]  report_vm_out_of_memory(char const*, int, unsigned long, VMErrorType, char const*)+0x67
V  [libjvm.so+0x8b5b70]  os::pd_commit_memory(char*, unsigned long, unsigned long, bool)+0x100
V  [libjvm.so+0x8b078f]  os::commit_memory(char*, unsigned long, unsigned long, bool)+0x1f
V  [libjvm.so+0x92e446]  PSVirtualSpace::expand_by(unsigned long)+0x56
V  [libjvm.so+0x92f6d8]  PSYoungGen::resize(unsigned long, unsigned long)+0xd8
V  [libjvm.so+0x92be66]  PSScavenge::invoke_no_policy()+0x1356
V  [libjvm.so+0x92c20c]  PSScavenge::invoke()+0x4c
V  [libjvm.so+0x8dbda8]  ParallelScavengeHeap::failed_mem_allocate(unsigned long)+0x68
V  [libjvm.so+0xa72873]  VM_ParallelGCFailedAllocation::doit()+0x93
V  [libjvm.so+0xa778a6]  VM_Operation::evaluate()+0x46
V  [libjvm.so+0xa75102]  VMThread::evaluate_operation(VM_Operation*) [clone .constprop.31]+0xa2
V  [libjvm.so+0xa7652b]  VMThread::loop()+0x37b
V  [libjvm.so+0xa768d8]  VMThread::run()+0x78
V  [libjvm.so+0x8b3332]  java_start(Thread*)+0x102

VM_Operation (0x00007ffb76153df0): ParallelGCFailedAllocation, mode: safepoint, requested by thread 0x00007ffb70015000


---------------  P R O C E S S  ---------------

Java Threads: ( => current thread )
  0x00007ffb700fd000 JavaThread "Monitor Ctrl-Break" daemon [_thread_in_native, id=21829, stack(0x00007ffb4f22d000,0x00007ffb4f32e000)]
  0x00007ffb700de000 JavaThread "Service Thread" daemon [_thread_blocked, id=21827, stack(0x00007ffb4f42f000,0x00007ffb4f530000)]
  0x00007ffb700d2800 JavaThread "C1 CompilerThread3" daemon [_thread_blocked, id=21826, stack(0x00007ffb4f531000,0x00007ffb4f631000)]
  0x00007ffb700d0800 JavaThread "C2 CompilerThread2" daemon [_thread_blocked, id=21825, stack(0x00007ffb540ae000,0x00007ffb541ae000)]
  0x00007ffb700cf000 JavaThread "C2 CompilerThread1" daemon [_thread_blocked, id=21824, stack(0x00007ffb541af000,0x00007ffb542af000)]
  0x00007ffb700cc000 JavaThread "C2 CompilerThread0" daemon [_thread_blocked, id=21823, stack(0x00007ffb542b0000,0x00007ffb543b0000)]
  0x00007ffb700ca000 JavaThread "Signal Dispatcher" daemon [_thread_blocked, id=21822, stack(0x00007ffb5c0cf000,0x00007ffb5c1d0000)]
  0x00007ffb70097000 JavaThread "Finalizer" daemon [_thread_blocked, id=21821, stack(0x00007ffb5c1d0000,0x00007ffb5c2d1000)]
  0x00007ffb70092800 JavaThread "Reference Handler" daemon [_thread_blocked, id=21820, stack(0x00007ffb5c2d1000,0x00007ffb5c3d2000)]
  0x00007ffb70015000 JavaThread "main" [_thread_blocked, id=21805, stack(0x00007ffb76058000,0x00007ffb76158000)]

Other Threads:
=>0x00007ffb7008b000 VMThread [stack: 0x00007ffb5c3d3000,0x00007ffb5c4d3000] [id=21819]
  0x00007ffb700e0800 WatcherThread [stack: 0x00007ffb4f32f000,0x00007ffb4f42f000] [id=21828]

VM state:at safepoint (normal execution)

VM Mutex/Monitor currently owned by a thread:  ([mutex/lock_event])
[0x00007ffb70011aa0] Threads_lock - owner thread: 0x00007ffb7008b000
[0x00007ffb70011fa0] Heap_lock - owner thread: 0x00007ffb70015000

Heap:
 PSYoungGen      total 67584K, used 5104K [0x00000000d7d00000, 0x00000000dc400000, 0x0000000100000000)
  eden space 62464K, 0% used [0x00000000d7d00000,0x00000000d7d00000,0x00000000dba00000)
  from space 5120K, 99% used [0x00000000dba00000,0x00000000dbefc370,0x00000000dbf00000)
  to   space 5120K, 0% used [0x00000000dbf00000,0x00000000dbf00000,0x00000000dc400000)
 ParOldGen       total 83456K, used 3406K [0x0000000087600000, 0x000000008c780000, 0x00000000d7d00000)
  object space 83456K, 4% used [0x0000000087600000,0x00000000879539e0,0x000000008c780000)
 Metaspace       used 14641K, capacity 15324K, committed 15488K, reserved 1062912K
  class space    used 1675K, capacity 1891K, committed 1920K, reserved 1048576K

Card table byte_map: [0x00007ffb5f9db000,0x00007ffb5fda1000] byte_map_base: 0x00007ffb5f5a0000

Marking Bits: (ParMarkBitMap*) 0x00007ffb75500160
 Begin Bits: [0x00007ffb543b0000, 0x00007ffb561d8000)
 End Bits:   [0x00007ffb561d8000, 0x00007ffb58000000)

Polling page: 0x00007ffb7616f000

CodeCache: size=245760Kb used=7483Kb max_used=7513Kb free=238276Kb
 bounds [0x00007ffb60161000, 0x00007ffb608d1000, 0x00007ffb6f161000]
 total_blobs=2313 nmethods=1941 adapters=286
 compilation: enabled

Compilation events (10 events):
Event: 7.237 Thread 0x00007ffb700d0800 1952       4       org.objectweb.asm.tree.LineNumberNode::accept (16 bytes)
Event: 7.257 Thread 0x00007ffb700cf000 nmethod 1901 0x00007ffb608b14d0 code [0x00007ffb608b2980, 0x00007ffb608ba7d0]
Event: 7.257 Thread 0x00007ffb700cf000 1954       4       org.objectweb.asm.ByteVector::put12 (64 bytes)
Event: 7.407 Thread 0x00007ffb700d2800 1962       3       org.objectweb.asm.tree.InsnList::remove (102 bytes)
Event: 7.544 Thread 0x00007ffb700d2800 nmethod 1962 0x00007ffb60879290 code [0x00007ffb60879400, 0x00007ffb60879770]
Event: 7.763 Thread 0x00007ffb700d2800 1965       3       java.util.regex.Pattern$GroupTail::match (111 bytes)
Event: 7.858 Thread 0x00007ffb700cf000 nmethod 1954 0x00007ffb6088c650 code [0x00007ffb6088c7a0, 0x00007ffb6088ca98]
Event: 7.861 Thread 0x00007ffb700d0800 nmethod 1952 0x00007ffb6088cd90 code [0x00007ffb6088cf80, 0x00007ffb6088d858]
Event: 7.889 Thread 0x00007ffb700d0800 1960       4       org.objectweb.asm.tree.MethodNode::visitLocalVariable (35 bytes)
Event: 7.890 Thread 0x00007ffb700cf000 1951       4       org.objectweb.asm.Label::addLineNumber (89 bytes)

GC Heap History (9 events):
Event: 0.789 GC heap before
{Heap before GC invocations=1 (full 0):
 PSYoungGen      total 36352K, used 31232K [0x00000000d7d00000, 0x00000000da580000, 0x0000000100000000)
  eden space 31232K, 100% used [0x00000000d7d00000,0x00000000d9b80000,0x00000000d9b80000)
  from space 5120K, 0% used [0x00000000da080000,0x00000000da080000,0x00000000da580000)
  to   space 5120K, 0% used [0x00000000d9b80000,0x00000000d9b80000,0x00000000da080000)
 ParOldGen       total 83456K, used 0K [0x0000000087600000, 0x000000008c780000, 0x00000000d7d00000)
  object space 83456K, 0% used [0x0000000087600000,0x0000000087600000,0x000000008c780000)
 Metaspace       used 5237K, capacity 5632K, committed 5760K, reserved 1056768K
  class space    used 605K, capacity 624K, committed 640K, reserved 1048576K
Event: 0.794 GC heap after
Heap after GC invocations=1 (full 0):
 PSYoungGen      total 36352K, used 2269K [0x00000000d7d00000, 0x00000000da580000, 0x0000000100000000)
  eden space 31232K, 0% used [0x00000000d7d00000,0x00000000d7d00000,0x00000000d9b80000)
  from space 5120K, 44% used [0x00000000d9b80000,0x00000000d9db7628,0x00000000da080000)
  to   space 5120K, 0% used [0x00000000da080000,0x00000000da080000,0x00000000da580000)
 ParOldGen       total 83456K, used 8K [0x0000000087600000, 0x000000008c780000, 0x00000000d7d00000)
  object space 83456K, 0% used [0x0000000087600000,0x0000000087602000,0x000000008c780000)
 Metaspace       used 5237K, capacity 5632K, committed 5760K, reserved 1056768K
  class space    used 605K, capacity 624K, committed 640K, reserved 1048576K
}
Event: 1.322 GC heap before
{Heap before GC invocations=2 (full 0):
 PSYoungGen      total 36352K, used 33501K [0x00000000d7d00000, 0x00000000da580000, 0x0000000100000000)
  eden space 31232K, 100% used [0x00000000d7d00000,0x00000000d9b80000,0x00000000d9b80000)
  from space 5120K, 44% used [0x00000000d9b80000,0x00000000d9db7628,0x00000000da080000)
  to   space 5120K, 0% used [0x00000000da080000,0x00000000da080000,0x00000000da580000)
 ParOldGen       total 83456K, used 8K [0x0000000087600000, 0x000000008c780000, 0x00000000d7d00000)
  object space 83456K, 0% used [0x0000000087600000,0x0000000087602000,0x000000008c780000)
 Metaspace       used 9487K, capacity 9658K, committed 9984K, reserved 1058816K
  class space    used 1087K, capacity 1153K, committed 1280K, reserved 1048576K
Event: 1.327 GC heap after
Heap after GC invocations=2 (full 0):
 PSYoungGen      total 36352K, used 3127K [0x00000000d7d00000, 0x00000000da580000, 0x0000000100000000)
  eden space 31232K, 0% used [0x00000000d7d00000,0x00000000d7d00000,0x00000000d9b80000)
  from space 5120K, 61% used [0x00000000da080000,0x00000000da38dc50,0x00000000da580000)
  to   space 5120K, 0% used [0x00000000d9b80000,0x00000000d9b80000,0x00000000da080000)
 ParOldGen       total 83456K, used 80K [0x0000000087600000, 0x000000008c780000, 0x00000000d7d00000)
  object space 83456K, 0% used [0x0000000087600000,0x0000000087614010,0x000000008c780000)
 Metaspace       used 9487K, capacity 9658K, committed 9984K, reserved 1058816K
  class space    used 1087K, capacity 1153K, committed 1280K, reserved 1048576K
}
Event: 1.721 GC heap before
{Heap before GC invocations=3 (full 0):
 PSYoungGen      total 36352K, used 34359K [0x00000000d7d00000, 0x00000000da580000, 0x0000000100000000)
  eden space 31232K, 100% used [0x00000000d7d00000,0x00000000d9b80000,0x00000000d9b80000)
  from space 5120K, 61% used [0x00000000da080000,0x00000000da38dc50,0x00000000da580000)
  to   space 5120K, 0% used [0x00000000d9b80000,0x00000000d9b80000,0x00000000da080000)
 ParOldGen       total 83456K, used 80K [0x0000000087600000, 0x000000008c780000, 0x00000000d7d00000)
  object space 83456K, 0% used [0x0000000087600000,0x0000000087614010,0x000000008c780000)
 Metaspace       used 11616K, capacity 11880K, committed 12160K, reserved 1060864K
  class space    used 1279K, capacity 1366K, committed 1408K, reserved 1048576K
Event: 1.736 GC heap after
Heap after GC invocations=3 (full 0):
 PSYoungGen      total 36352K, used 4476K [0x00000000d7d00000, 0x00000000dc400000, 0x0000000100000000)
  eden space 31232K, 0% used [0x00000000d7d00000,0x00000000d7d00000,0x00000000d9b80000)
  from space 5120K, 87% used [0x00000000d9b80000,0x00000000d9fdf1c8,0x00000000da080000)
  to   space 5120K, 0% used [0x00000000dbf00000,0x00000000dbf00000,0x00000000dc400000)
 ParOldGen       total 83456K, used 88K [0x0000000087600000, 0x000000008c780000, 0x00000000d7d00000)
  object space 83456K, 0% used [0x0000000087600000,0x0000000087616010,0x000000008c780000)
 Metaspace       used 11616K, capacity 11880K, committed 12160K, reserved 1060864K
  class space    used 1279K, capacity 1366K, committed 1408K, reserved 1048576K
}
Event: 1.983 GC heap before
{Heap before GC invocations=4 (full 0):
 PSYoungGen      total 36352K, used 35708K [0x00000000d7d00000, 0x00000000dc400000, 0x0000000100000000)
  eden space 31232K, 100% used [0x00000000d7d00000,0x00000000d9b80000,0x00000000d9b80000)
  from space 5120K, 87% used [0x00000000d9b80000,0x00000000d9fdf1c8,0x00000000da080000)
  to   space 5120K, 0% used [0x00000000dbf00000,0x00000000dbf00000,0x00000000dc400000)
 ParOldGen       total 83456K, used 88K [0x0000000087600000, 0x000000008c780000, 0x00000000d7d00000)
  object space 83456K, 0% used [0x0000000087600000,0x0000000087616010,0x000000008c780000)
 Metaspace       used 12519K, capacity 12752K, committed 13056K, reserved 1060864K
  class space    used 1412K, capacity 1505K, committed 1536K, reserved 1048576K
Event: 1.988 GC heap after
Heap after GC invocations=4 (full 0):
 PSYoungGen      total 67584K, used 5104K [0x00000000d7d00000, 0x00000000dc400000, 0x0000000100000000)
  eden space 62464K, 0% used [0x00000000d7d00000,0x00000000d7d00000,0x00000000dba00000)
  from space 5120K, 99% used [0x00000000dbf00000,0x00000000dc3fc390,0x00000000dc400000)
  to   space 5120K, 0% used [0x00000000dba00000,0x00000000dba00000,0x00000000dbf00000)
 ParOldGen       total 83456K, used 687K [0x0000000087600000, 0x000000008c780000, 0x00000000d7d00000)
  object space 83456K, 0% used [0x0000000087600000,0x00000000876abfa8,0x000000008c780000)
 Metaspace       used 12519K, capacity 12752K, committed 13056K, reserved 1060864K
  class space    used 1412K, capacity 1505K, committed 1536K, reserved 1048576K
}
Event: 7.995 GC heap before
{Heap before GC invocations=5 (full 0):
 PSYoungGen      total 67584K, used 67568K [0x00000000d7d00000, 0x00000000dc400000, 0x0000000100000000)
  eden space 62464K, 100% used [0x00000000d7d00000,0x00000000dba00000,0x00000000dba00000)
  from space 5120K, 99% used [0x00000000dbf00000,0x00000000dc3fc390,0x00000000dc400000)
  to   space 5120K, 0% used [0x00000000dba00000,0x00000000dba00000,0x00000000dbf00000)
 ParOldGen       total 83456K, used 687K [0x0000000087600000, 0x000000008c780000, 0x00000000d7d00000)
  object space 83456K, 0% used [0x0000000087600000,0x00000000876abfa8,0x000000008c780000)
 Metaspace       used 14641K, capacity 15324K, committed 15488K, reserved 1062912K
  class space    used 1675K, capacity 1891K, committed 1920K, reserved 1048576K

Deoptimization events (10 events):
Event: 1.811 Thread 0x00007ffb70015000 Uncommon trap: reason=unstable_if action=reinterpret pc=0x00007ffb6035b3f8 method=sun.misc.URLClassPath$JarLoader.getResource(Ljava/lang/String;Z)Lsun/misc/Resource; @ 15
Event: 1.878 Thread 0x00007ffb70015000 Uncommon trap: reason=bimorphic action=maybe_recompile pc=0x00007ffb6048abb0 method=java.util.HashMap.putVal(ILjava/lang/Object;Ljava/lang/Object;ZZ)Ljava/lang/Object; @ 203
Event: 1.878 Thread 0x00007ffb70015000 Uncommon trap: reason=bimorphic action=maybe_recompile pc=0x00007ffb6048abb0 method=java.util.HashMap.putVal(ILjava/lang/Object;Ljava/lang/Object;ZZ)Ljava/lang/Object; @ 203
Event: 1.878 Thread 0x00007ffb70015000 Uncommon trap: reason=bimorphic action=maybe_recompile pc=0x00007ffb6048abb0 method=java.util.HashMap.putVal(ILjava/lang/Object;Ljava/lang/Object;ZZ)Ljava/lang/Object; @ 203
Event: 1.880 Thread 0x00007ffb70015000 Uncommon trap: reason=bimorphic action=maybe_recompile pc=0x00007ffb6048abb0 method=java.util.HashMap.putVal(ILjava/lang/Object;Ljava/lang/Object;ZZ)Ljava/lang/Object; @ 203
Event: 2.081 Thread 0x00007ffb70015000 Uncommon trap: reason=unstable_if action=reinterpret pc=0x00007ffb60674e84 method=org.objectweb.asm.Frame.execute(IILorg/objectweb/asm/Symbol;Lorg/objectweb/asm/SymbolTable;)V @ 1198
Event: 2.093 Thread 0x00007ffb70015000 Uncommon trap: reason=unstable_if action=reinterpret pc=0x00007ffb60626140 method=org.objectweb.asm.MethodWriter.visitVarInsn(II)V @ 230
Event: 2.156 Thread 0x00007ffb70015000 Uncommon trap: reason=unstable_if action=reinterpret pc=0x00007ffb604989c8 method=java.util.HashMap.tableSizeFor(I)I @ 37
Event: 2.384 Thread 0x00007ffb70015000 Uncommon trap: reason=unstable_if action=reinterpret pc=0x00007ffb6076d68c method=org.objectweb.asm.Frame.merge(Lorg/objectweb/asm/SymbolTable;Lorg/objectweb/asm/Frame;I)Z @ 522
Event: 6.484 Thread 0x00007ffb70015000 Uncommon trap: reason=range_check action=make_not_entrant pc=0x00007ffb6081dfb4 method=java.lang.String.charAt(I)C @ 27

Classes redefined (0 events):
No events

Internal exceptions (10 events):
Event: 0.406 Thread 0x00007ffb70015000 Exception <a 'java/security/PrivilegedActionException'> (0x00000000d82bd1b0) thrown at [/usr/local/google/home/ralucas/source/AOSP-openjdk-git/jdk8u/hotspot/src/share/vm/prims/jvm.cpp, line 1390]
Event: 0.406 Thread 0x00007ffb70015000 Exception <a 'java/security/PrivilegedActionException'> (0x00000000d82bd3c0) thrown at [/usr/local/google/home/ralucas/source/AOSP-openjdk-git/jdk8u/hotspot/src/share/vm/prims/jvm.cpp, line 1390]
Event: 0.406 Thread 0x00007ffb70015000 Exception <a 'java/security/PrivilegedActionException'> (0x00000000d82be0a0) thrown at [/usr/local/google/home/ralucas/source/AOSP-openjdk-git/jdk8u/hotspot/src/share/vm/prims/jvm.cpp, line 1390]
Event: 0.406 Thread 0x00007ffb70015000 Exception <a 'java/security/PrivilegedActionException'> (0x00000000d82be2b0) thrown at [/usr/local/google/home/ralucas/source/AOSP-openjdk-git/jdk8u/hotspot/src/share/vm/prims/jvm.cpp, line 1390]
Event: 0.420 Thread 0x00007ffb70015000 Exception <a 'java/security/PrivilegedActionException'> (0x00000000d82f4830) thrown at [/usr/local/google/home/ralucas/source/AOSP-openjdk-git/jdk8u/hotspot/src/share/vm/prims/jvm.cpp, line 1390]
Event: 0.420 Thread 0x00007ffb70015000 Exception <a 'java/security/PrivilegedActionException'> (0x00000000d82f4c28) thrown at [/usr/local/google/home/ralucas/source/AOSP-openjdk-git/jdk8u/hotspot/src/share/vm/prims/jvm.cpp, line 1390]
Event: 0.420 Thread 0x00007ffb70015000 Exception <a 'java/security/PrivilegedActionException'> (0x00000000d82f5d00) thrown at [/usr/local/google/home/ralucas/source/AOSP-openjdk-git/jdk8u/hotspot/src/share/vm/prims/jvm.cpp, line 1390]
Event: 0.420 Thread 0x00007ffb70015000 Exception <a 'java/security/PrivilegedActionException'> (0x00000000d82f60f8) thrown at [/usr/local/google/home/ralucas/source/AOSP-openjdk-git/jdk8u/hotspot/src/share/vm/prims/jvm.cpp, line 1390]
Event: 1.062 Thread 0x00007ffb70015000 Exception <a 'java/lang/NoSuchFieldError': method resolution failed> (0x00000000d8bd57a8) thrown at [/usr/local/google/home/ralucas/source/AOSP-openjdk-git/jdk8u/hotspot/src/share/vm/prims/methodHandles.cpp, line 1167]
Event: 1.064 Thread 0x00007ffb70015000 Exception <a 'java/lang/NoSuchFieldError': method resolution failed> (0x00000000d8be2ed0) thrown at [/usr/local/google/home/ralucas/source/AOSP-openjdk-git/jdk8u/hotspot/src/share/vm/prims/methodHandles.cpp, line 1167]

Events (10 events):
Event: 6.802 Thread 0x00007ffb70015000 DEOPT UNPACKING pc=0x00007ffb601a84c4 sp=0x00007ffb76153748 mode 0
Event: 6.813 loading class org/robolectric/shadows/ShadowMessageQueue
Event: 6.813 loading class org/robolectric/shadows/ShadowMessageQueue done
Event: 7.306 loading class android/os/Handler
Event: 7.311 loading class android/os/Handler done
Event: 7.607 loading class android/util/proto/ProtoOutputStream
Event: 7.614 loading class android/util/proto/ProtoOutputStream done
Event: 7.791 Thread 0x00007ffb70015000 DEOPT PACKING pc=0x00007ffb60536f4a sp=0x00007ffb761538e0
Event: 7.821 Thread 0x00007ffb70015000 DEOPT UNPACKING pc=0x00007ffb601a84c4 sp=0x00007ffb76153808 mode 0
Event: 7.902 Executing VM operation: ParallelGCFailedAllocation


Dynamic libraries:
87600000-8c780000 rw-p 00000000 00:00 0 
8c780000-d7d00000 ---p 00000000 00:00 0 
d7d00000-dc400000 rw-p 00000000 00:00 0 
e0800000-100000000 ---p 00000000 00:00 0 
100000000-1001e0000 rw-p 00000000 00:00 0 
1001e0000-140000000 ---p 00000000 00:00 0 
562d55977000-562d55978000 r-xp 00000000 08:06 294123                     /home/liqhtninq/android-studio/jre/bin/java
562d55b77000-562d55b78000 r--p 00000000 08:06 294123                     /home/liqhtninq/android-studio/jre/bin/java
562d55b78000-562d55b79000 rw-p 00001000 08:06 294123                     /home/liqhtninq/android-studio/jre/bin/java
562d57ab5000-562d57ad6000 rw-p 00000000 00:00 0                          [heap]
7ffaf8000000-7ffaf8021000 rw-p 00000000 00:00 0 
7ffaf8021000-7ffafc000000 ---p 00000000 00:00 0 
7ffb00000000-7ffb00021000 rw-p 00000000 00:00 0 
7ffb00021000-7ffb04000000 ---p 00000000 00:00 0 
7ffb04000000-7ffb04021000 rw-p 00000000 00:00 0 
7ffb04021000-7ffb08000000 ---p 00000000 00:00 0 
7ffb08000000-7ffb0901c000 rw-p 00000000 00:00 0 
7ffb0901c000-7ffb0c000000 ---p 00000000 00:00 0 
7ffb0c000000-7ffb0c9cf000 rw-p 00000000 00:00 0 
7ffb0c9cf000-7ffb10000000 ---p 00000000 00:00 0 
7ffb10000000-7ffb11114000 rw-p 00000000 00:00 0 
7ffb11114000-7ffb14000000 ---p 00000000 00:00 0 
7ffb14000000-7ffb15295000 rw-p 00000000 00:00 0 
7ffb15295000-7ffb18000000 ---p 00000000 00:00 0 
7ffb18000000-7ffb18021000 rw-p 00000000 00:00 0 
7ffb18021000-7ffb1c000000 ---p 00000000 00:00 0 
7ffb1c000000-7ffb1c021000 rw-p 00000000 00:00 0 
7ffb1c021000-7ffb20000000 ---p 00000000 00:00 0 
7ffb20000000-7ffb2027d000 rw-p 00000000 00:00 0 
7ffb2027d000-7ffb24000000 ---p 00000000 00:00 0 
7ffb24000000-7ffb24021000 rw-p 00000000 00:00 0 
7ffb24021000-7ffb28000000 ---p 00000000 00:00 0 
7ffb28000000-7ffb28021000 rw-p 00000000 00:00 0 
7ffb28021000-7ffb2c000000 ---p 00000000 00:00 0 
7ffb2c000000-7ffb2c021000 rw-p 00000000 00:00 0 
7ffb2c021000-7ffb30000000 ---p 00000000 00:00 0 
7ffb30000000-7ffb30021000 rw-p 00000000 00:00 0 
7ffb30021000-7ffb34000000 ---p 00000000 00:00 0 
7ffb38000000-7ffb38021000 rw-p 00000000 00:00 0 
7ffb38021000-7ffb3c000000 ---p 00000000 00:00 0 
7ffb40000000-7ffb40021000 rw-p 00000000 00:00 0 
7ffb40021000-7ffb44000000 ---p 00000000 00:00 0 
7ffb48000000-7ffb48021000 rw-p 00000000 00:00 0 
7ffb48021000-7ffb4c000000 ---p 00000000 00:00 0 
7ffb4dc38000-7ffb4dd78000 rw-p 00000000 00:00 0 
7ffb4dd78000-7ffb4de38000 ---p 00000000 00:00 0 
7ffb4e013000-7ffb4e02a000 r-xp 00000000 08:06 819005                     /lib/x86_64-linux-gnu/libgcc_s.so.1
7ffb4e02a000-7ffb4e229000 ---p 00017000 08:06 819005                     /lib/x86_64-linux-gnu/libgcc_s.so.1
7ffb4e229000-7ffb4e22a000 r--p 00016000 08:06 819005                     /lib/x86_64-linux-gnu/libgcc_s.so.1
7ffb4e22a000-7ffb4e22b000 rw-p 00017000 08:06 819005                     /lib/x86_64-linux-gnu/libgcc_s.so.1
7ffb4e23a000-7ffb4e23f000 r--s 0003b000 08:06 294044                     /home/liqhtninq/android-studio/jre/jre/lib/ext/sunjce_provider.jar
7ffb4e23f000-7ffb4e277000 r-xp 00000000 08:06 293981                     /home/liqhtninq/android-studio/jre/jre/lib/amd64/libsunec.so
7ffb4e277000-7ffb4e476000 ---p 00038000 08:06 293981                     /home/liqhtninq/android-studio/jre/jre/lib/amd64/libsunec.so
7ffb4e476000-7ffb4e47b000 r--p 00037000 08:06 293981                     /home/liqhtninq/android-studio/jre/jre/lib/amd64/libsunec.so
7ffb4e47b000-7ffb4e47d000 rw-p 0003c000 08:06 293981                     /home/liqhtninq/android-studio/jre/jre/lib/amd64/libsunec.so
7ffb4e47d000-7ffb4e47f000 r--s 00008000 08:06 294042                     /home/liqhtninq/android-studio/jre/jre/lib/ext/sunec.jar
7ffb4e47f000-7ffb4e483000 r--s 00037000 08:06 294043                     /home/liqhtninq/android-studio/jre/jre/lib/ext/sunpkcs11.jar
7ffb4e483000-7ffb4e486000 r--s 00015000 08:06 294037                     /home/liqhtninq/android-studio/jre/jre/lib/jce.jar
7ffb4e486000-7ffb4e498000 r--s 00345000 08:06 293962                     /home/liqhtninq/android-studio/jre/jre/lib/resources.jar
7ffb4e498000-7ffb4e4a9000 r-xp 00000000 08:06 294007                     /home/liqhtninq/android-studio/jre/jre/lib/amd64/libnio.so
7ffb4e4a9000-7ffb4e6a8000 ---p 00011000 08:06 294007                     /home/liqhtninq/android-studio/jre/jre/lib/amd64/libnio.so
7ffb4e6a8000-7ffb4e6a9000 r--p 00010000 08:06 294007                     /home/liqhtninq/android-studio/jre/jre/lib/amd64/libnio.so
7ffb4e6a9000-7ffb4e6aa000 rw-p 00011000 08:06 294007                     /home/liqhtninq/android-studio/jre/jre/lib/amd64/libnio.so
7ffb4e6aa000-7ffb4e8aa000 rw-p 00000000 00:00 0 
7ffb4e8aa000-7ffb4ec90000 r--s 0591c000 08:06 220594                     /home/liqhtninq/.m2/repository/org/robolectric/android-all/8.1.0-robolectric-4611349/android-all-8.1.0-robolectric-4611349.jar
7ffb4ec90000-7ffb4ee90000 rw-p 00000000 00:00 0 
7ffb4ee90000-7ffb4ee95000 r--s 0009a000 08:06 294036                     /home/liqhtninq/android-studio/jre/jre/lib/jsse.jar
7ffb4ee95000-7ffb4eed2000 r--s 00207000 08:06 350996                     /home/liqhtninq/.gradle/caches/transforms-1/files-1.1/android.jar/03aee30710ac3a292accafa65be54783/android.jar
7ffb4eed2000-7ffb4eed5000 r--s 00017000 08:06 181061                     /home/liqhtninq/.gradle/caches/modules-2/files-2.1/org.robolectric/sandbox/4.1/8a1f10f6a9a36cc6a0c6d1c40dd55ac5557ccf6f/sandbox-4.1.jar
7ffb4eed5000-7ffb4eed7000 r--s 00003000 08:06 181069                     /home/liqhtninq/.gradle/caches/modules-2/files-2.1/org.robolectric/shadowapi/4.1/a7b040ce9f57b8f440fed6d889e57d203a7d2731/shadowapi-4.1.jar
7ffb4eed7000-7ffb4eed9000 r--s 00008000 08:06 181085                     /home/liqhtninq/.gradle/caches/modules-2/files-2.1/classworlds/classworlds/1.1-alpha-2/5adf2e681c57d7f48038b602f3ca2254ee82d47/classworlds-1.1-alpha-2.jar
7ffb4eed9000-7ffb4eeda000 r--s 00002000 08:06 218571                     /home/liqhtninq/.gradle/caches/modules-2/files-2.1/android.arch.core/common/1.1.0/8007981f7d7540d89cd18471b8e5dcd2b4f99167/common-1.1.0.jar
7ffb4eeda000-7ffb4eede000 r--s 00034000 08:06 181095                     /home/liqhtninq/.gradle/caches/modules-2/files-2.1/org.codehaus.plexus/plexus-utils/1.5.15/c689598ce1eb94c304817877ed15911099972526/plexus-utils-1.5.15.jar
7ffb4eede000-7ffb4eee0000 r--s 0000b000 08:06 181093                     /home/liqhtninq/.gradle/caches/modules-2/files-2.1/org.codehaus.plexus/plexus-interpolation/1.11/ad9dddff6043194904ad1d2c00ff1d003c3915f7/plexus-interpolation-1.11.jar
7ffb4eee0000-7ffb4eeea000 r--s 00078000 08:06 332049                     /home/liqhtninq/.gradle/caches/transforms-1/files-1.1/firebase-database-16.0.6.aar/d6e8367394c1d568d07b5e3d2d4a85f4/jars/classes.jar
7ffb4eeea000-7ffb4eeeb000 r--s 00000000 08:06 224255                     /home/liqhtninq/.gradle/caches/modules-2/files-2.1/org.codehaus.mojo/animal-sniffer-annotations/1.17/f97ce6decaea32b36101e37979f8b647f00681fb/animal-sniffer-annotations-1.17.jar
7ffb4eeeb000-7ffb4eefc000 r--s 002f1000 08:06 181062                     /home/liqhtninq/.gradle/caches/modules-2/files-2.1/org.robolectric/shadows-framework/4.1/7810032730caa96236a9ea417ea409c2cce1c4d3/shadows-framework-4.1.jar
7ffb4eefc000-7ffb4eefd000 r--s 0000c000 08:06 201083                     /home/liqhtninq/.gradle/caches/modules-2/files-2.1/org.hamcrest/hamcrest-library/1.3/4785a3c21320980282f9f33d0d1264a69040538f/hamcrest-library-1.3.jar
7ffb4eefd000-7ffb4eefe000 r--s 00000000 08:06 350491                     /home/liqhtninq/.gradle/caches/transforms-1/files-1.1/firebase-iid-interop-16.0.1.aar/0c4f893044a82feb0045672087f15d68/jars/classes.jar
7ffb4eefe000-7ffb4eeff000 r--s 00002000 08:06 350935                     /home/liqhtninq/.gradle/caches/transforms-1/files-1.1/livedata-core-1.1.0.aar/fb7b4e8bbece3c837859a0dfa23d2baa/jars/classes.jar
7ffb4eeff000-7ffb4ef01000 r--s 00005000 08:06 181094                     /home/liqhtninq/.gradle/caches/modules-2/files-2.1/androidx.annotation/annotation/1.0.0/45599f2cd5965ac05a1488fa2a5c0cdd7c499ead/annotation-1.0.0.jar
7ffb4ef01000-7ffb4ef02000 r--s 00007000 08:06 181059                     /home/liqhtninq/.gradle/caches/modules-2/files-2.1/org.robolectric/utils/4.1/b11122490f7b976c45b0253f0830e71708dfbca8/utils-4.1.jar
7ffb4ef02000-7ffb4ef11000 r--s 00116000 08:06 350960                     /home/liqhtninq/.gradle/caches/transforms-1/files-1.1/protolite-well-known-types-16.0.1.aar/5ffea1f871589f3d047ee1817e7ac75b/jars/classes.jar
7ffb4ef11000-7ffb4ef19000 r--s 00045000 08:06 201219                     /home/liqhtninq/.gradle/caches/modules-2/files-2.1/junit/junit/4.12/2973d150c0dc1fefe998f834810d68f278ea58ec/junit-4.12.jar
7ffb4ef19000-7ffb4ef1b000 r--s 00005000 08:06 181092                     /home/liqhtninq/.gradle/caches/modules-2/files-2.1/org.apache.maven/maven-repository-metadata/2.2.1/98f0c07fcf1eeb213bef8d9316a9935184084b06/maven-repository-metadata-2.2.1.jar
7ffb4ef1b000-7ffb4ef1d000 r--s 00014000 08:06 181087                     /home/liqhtninq/.gradle/caches/modules-2/files-2.1/org.apache.maven/maven-model/2.2.1/c0a1c17436ec3ff5a56207c031d82277b4250a29/maven-model-2.2.1.jar
7ffb4ef1d000-7ffb4ef1e000 r--s 00002000 08:06 350936                     /home/liqhtninq/.gradle/caches/transforms-1/files-1.1/grpc-android-1.16.1.aar/195ebcb5a25467737b57232ba6cf267a/jars/classes.jar
7ffb4ef1e000-7ffb4ef20000 r--s 00005000 08:06 181090                     /home/liqhtninq/.gradle/caches/modules-2/files-2.1/org.apache.maven.wagon/wagon-http-shared/1.0-beta-6/ccd70d7e0d8c085e648a83f072da06ca9a53be94/wagon-http-shared-1.0-beta-6.jar
7ffb4ef20000-7ffb4ef21000 r--s 00003000 08:06 350644                     /home/liqhtninq/.gradle/caches/transforms-1/files-1.1/play-services-stats-16.0.1.aar/2496a9900a494f759e1e8f106c361ade/jars/classes.jar
7ffb4ef21000-7ffb4ef29000 r--s 0008a000 08:06 181096                     /home/liqhtninq/.gradle/caches/modules-2/files-2.1/com.google.protobuf/protobuf-java/2.6.1/d9521f2aecb909835746b7a5facf612af5e890e8/protobuf-java-2.6.1.jar
7ffb4ef29000-7ffb4ef2e000 r--s 00077000 08:06 350659                     /home/liqhtninq/.gradle/caches/transforms-1/files-1.1/play-services-measurement-base-16.3.0.aar/743b08333d6e06089c34d9453105ee75/jars/classes.jar
7ffb4ef2e000-7ffb4ef31000 r--s 00063000 08:06 350487                     /home/liqhtninq/.gradle/caches/transforms-1/files-1.1/firebase-analytics-16.3.0.aar/c4e32d0deb2303c4c54419db3c993a7c/jars/classes.jar
7ffb4ef31000-7ffb4ef32000 r--s 00013000 08:06 224248                     /home/liqhtninq/.gradle/caches/modules-2/files-2.1/com.squareup.okio/okio/1.13.0/a9283170b7305c8d92d25aff02a6ab7e45d06cbe/okio-1.13.0.jar
7ffb4ef32000-7ffb4ef4b000 r--s 00129000 08:06 181066                     /home/liqhtninq/.gradle/caches/modules-2/files-2.1/org.apache.maven/maven-ant-tasks/2.1.3/b09be554228d66d208e5fef5266844aacf443abc/maven-ant-tasks-2.1.3.jar
7ffb4ef4b000-7ffb4ef4c000 r--s 00005000 08:06 350649                     /home/liqhtninq/.gradle/caches/transforms-1/files-1.1/play-services-ads-identifier-16.0.0.aar/f15f419a67454362f5ffb28a00d24b0d/jars/classes.jar
7ffb4ef4c000-7ffb4ef4d000 r--s 00008000 08:06 350757                     /home/liqhtninq/.gradle/caches/transforms-1/files-1.1/animated-vector-drawable-27.1.1.aar/caba8d18e9e61328c5d98717283de280/jars/classes.jar
7ffb4ef4d000-7ffb4ef4f000 r--s 00005000 08:06 218565                     /home/liqhtninq/.gradle/caches/modules-2/files-2.1/com.android.support/support-annotations/27.1.1/39ded76b5e1ce1c5b2688e1d25cdc20ecee32007/support-annotations-27.1.1.jar
7ffb4ef4f000-7ffb4ef54000 r--s 0007a000 08:06 350502                     /home/liqhtninq/.gradle/caches/transforms-1/files-1.1/firebase-analytics-impl-16.3.0.aar/4a929341dcabd4000bd274b6e8d3dfcc/jars/classes.jar
7ffb4ef54000-7ffb4ef9a000 r--s 002d7000 08:06 224718                     /home/liqhtninq/.gradle/caches/modules-2/files-2.1/net.bytebuddy/byte-buddy/1.9.7/8fea78fea6449e1738b675cb155ce8422661e237/byte-buddy-1.9.7.jar
7ffb4ef9a000-7ffb4ef9e000 r--s 0003b000 08:06 350471                     /home/liqhtninq/.gradle/caches/transforms-1/files-1.1/play-services-auth-base-16.0.0.aar/ed4908abeb3eeb94d9d2ebf163c46d03/jars/classes.jar
7ffb4ef9e000-7ffb4efa0000 r--s 0000f000 08:06 181079                     /home/liqhtninq/.gradle/caches/modules-2/files-2.1/org.apache.maven/maven-artifact-manager/2.2.1/ec355b913c34d37080810f98e3f51abecbe1572b/maven-artifact-manager-2.2.1.jar
7ffb4efa0000-7ffb4efa1000 r--s 00006000 08:06 224252                     /home/liqhtninq/.gradle/caches/modules-2/files-2.1/io.grpc/grpc-context/1.16.1/4adb6d55045b21cb384bc4498d4a7593f6cab8d7/grpc-context-1.16.1.jar
7ffb4efa1000-7ffb4efa6000 r--s 00038000 08:06 224250                     /home/liqhtninq/.gradle/caches/modules-2/files-2.1/com.google.protobuf/protobuf-lite/3.0.1/59b5b9c6e1a3054696d23492f888c1f8b583f5fc/protobuf-lite-3.0.1.jar
7ffb4efa6000-7ffb4efb6000 r--s 0007d000 08:06 224719                     /home/liqhtninq/.gradle/caches/modules-2/files-2.1/org.mockito/mockito-core/2.24.0/969a7bcb6f16e076904336ebc7ca171d412cc1f9/mockito-core-2.24.0.jar
7ffb4efb6000-7ffb4efe6000 r--s 0024b000 08:06 224251                     /home/liqhtninq/.gradle/caches/modules-2/files-2.1/com.google.guava/guava/26.0-android/ef69663836b339db335fde0df06fb3cd84e3742b/guava-26.0-android.jar
7ffb4efe6000-7ffb4efe7000 r--s 00000000 08:06 224626                     /home/liqhtninq/.gradle/caches/transforms-1/files-1.1/firebase-auth-interop-16.0.1.aar/94ffabe50bae7a069d254c8f91c675a9/jars/classes.jar
7ffb4efe7000-7ffb4efe8000 r--s 00000000 08:06 223585                     /home/liqhtninq/.gradle/caches/modules-2/files-2.1/org.robolectric/shadows-multidex/4.0.1/aaaeee74dcdb871cd1ef8e9650a1e7ed130aedea/shadows-multidex-4.0.1.jar
7ffb4efe8000-7ffb4efea000 r--s 00001000 08:06 200391                     /home/liqhtninq/.gradle/caches/modules-2/files-2.1/com.google.j2objc/j2objc-annotations/1.1/976d8d30bebc251db406f2bdb3eb01962b5685b3/j2objc-annotations-1.1.jar
7ffb4efea000-7ffb4eff4000 r--s 000ea000 08:06 350509                     /home/liqhtninq/.gradle/caches/transforms-1/files-1.1/play-services-base-16.0.1.aar/d1fc0d27d313a49905ddb861aafec7bd/jars/classes.jar
7ffb4eff4000-7ffb4f00b000 r--s 00159000 08:06 181067                     /home/liqhtninq/.gradle/caches/modules-2/files-2.1/org.apache.ant/ant/1.8.0/7b456ca6b93900f96e58cc8371f03d90a9c1c8d1/ant-1.8.0.jar
7ffb4f00b000-7ffb4f00c000 r--s 00001000 08:06 224256                     /home/liqhtninq/.gradle/caches/modules-2/files-2.1/org.checkerframework/checker-compat-qual/2.5.2/dc0b20906c9e4b9724af29d11604efa574066892/checker-compat-qual-2.5.2.jar
7ffb4f00c000-7ffb4f00e000 r--s 00008000 08:06 224185                     /home/liqhtninq/.gradle/caches/modules-2/files-2.1/io.grpc/grpc-stub/1.16.1/f3c30248564608791407bf43b1d4db52a80e6c36/grpc-stub-1.16.1.jar
7ffb4f00e000-7ffb4f00f000 r--s 00004000 08:06 350481                     /home/liqhtninq/.gradle/caches/transforms-1/files-1.1/play-services-auth-api-phone-16.0.0.aar/6ed301aa93f8347e4d0789d0b1d186df/jars/classes.jar
7ffb4f00f000-7ffb4f013000 r--s 00043000 08:06 350769                     /home/liqhtninq/.gradle/caches/transforms-1/files-1.1/support-core-ui-27.1.1.aar/145d0e63e74c213b0b653ecdf881c004/jars/classes.jar
7ffb4f013000-7ffb4f014000 r--s 00006000 08:06 292915                     /home/liqhtninq/.gradle/caches/transforms-1/files-1.1/multidex-1.0.3.aar/d8682489a00637b4f4457adc15818c1b/jars/classes.jar
7ffb4f014000-7ffb4f016000 r--s 00009000 08:06 224720                     /home/liqhtninq/.gradle/caches/modules-2/files-2.1/net.bytebuddy/byte-buddy-agent/1.9.7/8e7d1b599f4943851ffea125fd9780e572727fc0/byte-buddy-agent-1.9.7.jar
7ffb4f016000-7ffb4f02c000 r-xp 00000000 08:06 294016                     /home/liqhtninq/android-studio/jre/jre/lib/amd64/libnet.so
7ffb4f02c000-7ffb4f22b000 ---p 00016000 08:06 294016                     /home/liqhtninq/android-studio/jre/jre/lib/amd64/libnet.so
7ffb4f22b000-7ffb4f22c000 r--p 00015000 08:06 294016                     /home/liqhtninq/android-studio/jre/jre/lib/amd64/libnet.so
7ffb4f22c000-7ffb4f22d000 rw-p 00016000 08:06 294016                     /home/liqhtninq/android-studio/jre/jre/lib/amd64/libnet.so
7ffb4f22d000-7ffb4f230000 ---p 00000000 00:00 0 
7ffb4f230000-7ffb4f32e000 rw-p 00000000 00:00 0 
7ffb4f32e000-7ffb4f32f000 ---p 00000000 00:00 0 
7ffb4f32f000-7ffb4f42f000 rw-p 00000000 00:00 0 
7ffb4f42f000-7ffb4f432000 ---p 00000000 00:00 0 
7ffb4f432000-7ffb4f530000 rw-p 00000000 00:00 0 
7ffb4f530000-7ffb4f531000 ---p 00000000 00:00 0 
7ffb4f531000-7ffb4f534000 ---p 00000000 00:00 0 
7ffb4f534000-7ffb4f631000 rw-p 00000000 00:00 0 
7ffb4f631000-7ffb50000000 r--p 00000000 08:06 268998                     /usr/lib/locale/locale-archive
7ffb50000000-7ffb50021000 rw-p 00000000 00:00 0 
7ffb50021000-7ffb54000000 ---p 00000000 00:00 0 
7ffb54000000-7ffb54006000 r--s 00058000 08:06 350775                     /home/liqhtninq/.gradle/caches/transforms-1/files-1.1/recyclerview-v7-27.1.1.aar/2db2997124298241ff34d3f55c52d527/jars/classes.jar
7ffb54006000-7ffb54007000 r--s 00003000 08:06 181089                     /home/liqhtninq/.gradle/caches/modules-2/files-2.1/org.apache.maven.wagon/wagon-http-lightweight/1.0-beta-6/b3815078570c3b1f0667e123d59717c6b726c6c2/wagon-http-lightweight-1.0-beta-6.jar
7ffb54007000-7ffb54008000 r--s 00003000 08:06 181060                     /home/liqhtninq/.gradle/caches/modules-2/files-2.1/org.robolectric/annotations/4.1/ecb95adf35528c498467da094d0290355516c7ec/annotations-4.1.jar
7ffb54008000-7ffb5400a000 r--s 0000b000 08:06 181073                     /home/liqhtninq/.gradle/caches/modules-2/files-2.1/org.ow2.asm/asm-tree/7.0/29bc62dcb85573af6e62e5b2d735ef65966c4180/asm-tree-7.0.jar
7ffb5400a000-7ffb5400b000 r--s 00003000 08:06 350476                     /home/liqhtninq/.gradle/caches/transforms-1/files-1.1/play-services-measurement-api-16.3.0.aar/8bdd25406dc3cdba8c8b0ec5581b095d/jars/classes.jar
7ffb5400b000-7ffb54010000 r--s 00034000 08:06 224253                     /home/liqhtninq/.gradle/caches/modules-2/files-2.1/com.google.code.gson/gson/2.7/751f548c85fa49f330cecbb1875893f971b33c4e/gson-2.7.jar
7ffb54010000-7ffb54014000 r--s 0001e000 08:06 181056                     /home/liqhtninq/.gradle/caches/modules-2/files-2.1/org.robolectric/robolectric/4.1/c323469e137aa9353b822ab2704936a6865def89/robolectric-4.1.jar
7ffb54014000-7ffb54019000 r--s 0004c000 08:06 224247                     /home/liqhtninq/.gradle/caches/modules-2/files-2.1/com.squareup.okhttp/okhttp/2.7.5/7a15a7db50f86c4b64aa3367424a60e3a325b8f1/okhttp-2.7.5.jar
7ffb54019000-7ffb5401b000 r--s 00002000 08:06 181080                     /home/liqhtninq/.gradle/caches/modules-2/files-2.1/org.apache.maven/maven-error-diagnostics/2.2.1/e81bb342d7d172f23d108dc8fa979a1facdcde8e/maven-error-diagnostics-2.2.1.jar
7ffb5401b000-7ffb5401d000 r--s 0000e000 08:06 224632                     /home/liqhtninq/.gradle/caches/transforms-1/files-1.1/firebase-common-16.0.4.aar/fa193488dd6a104cc75cdf3bd441bf1e/jars/classes.jar
7ffb5401d000-7ffb5401f000 r--s 00012000 08:06 350639                     /home/liqhtninq/.gradle/caches/transforms-1/files-1.1/play-services-tasks-16.0.1.aar/910ae1d5e6b603e225671eb573047a52/jars/classes.jar
7ffb5401f000-7ffb54021000 r--s 00004000 08:06 218569                     /home/liqhtninq/.gradle/caches/modules-2/files-2.1/android.arch.lifecycle/common/1.1.0/edf3f7bfb84a7521d0599efa3b0113a0ee90f85/common-1.1.0.jar
7ffb54021000-7ffb54030000 r--s 000a0000 08:06 224249                     /home/liqhtninq/.gradle/caches/modules-2/files-2.1/io.grpc/grpc-core/1.16.1/8a938ece0ad8d8bf77d790c502ba51ebec114aa9/grpc-core-1.16.1.jar
7ffb54030000-7ffb54033000 r--s 00024000 08:06 350498                     /home/liqhtninq/.gradle/caches/transforms-1/files-1.1/firebase-iid-17.0.3.aar/6dea27a1f55070113934f6c1c501e54e/jars/classes.jar
7ffb54033000-7ffb54036000 r--s 00011000 08:06 307538                     /home/liqhtninq/.gradle/caches/transforms-1/files-1.1/monitor-1.1.1.aar/78a9b2f5362f9be41825c5d9ad80689f/jars/classes.jar
7ffb54036000-7ffb54037000 r--s 00000000 08:06 223840                     /home/liqhtninq/.gradle/caches/modules-2/files-2.1/com.google.guava/listenablefuture/9999.0-empty-to-avoid-conflict-with-guava/b421526c5f297295adef1c886e5246c39d4ac629/listenablefuture-9999.0-empty-to-avoid-conflict-with-guava.jar
7ffb54037000-7ffb5403a000 r--s 00011000 08:06 181086                     /home/liqhtninq/.gradle/caches/modules-2/files-2.1/org.apache.maven/maven-artifact/2.2.1/23600f790d4dab2cb965419eaa982e3e84c428f8/maven-artifact-2.2.1.jar
7ffb5403a000-7ffb5403e000 r--s 00049000 08:06 224260                     /home/liqhtninq/.gradle/caches/transforms-1/files-1.1/play-services-location-16.0.0.aar/f44047d02610443ab6561cfe79162d1a/jars/classes.jar
7ffb5403e000-7ffb54040000 r--s 0001a000 08:06 181074                     /home/liqhtninq/.gradle/caches/modules-2/files-2.1/org.ow2.asm/asm/7.0/d74d4ba0dee443f68fb2dcb7fcdb945a2cd89912/asm-7.0.jar
7ffb54040000-7ffb54045000 r--s 00022000 08:06 181065                     /home/liqhtninq/.gradle/caches/modules-2/files-2.1/com.google.android.apps.common.testing.accessibility.framework/accessibility-test-framework/2.1/c2d6267c3ad0435ddf9e27a94a0e0af4ca3fdfbb/accessibility-test-framework-2.1.jar
7ffb54045000-7ffb54047000 r--s 00009000 08:06 200682                     /home/liqhtninq/.gradle/caches/modules-2/files-2.1/org.hamcrest/hamcrest-core/1.3/42a25dc3219429f0e5d060061f71acb49bf010a0/hamcrest-core-1.3.jar
7ffb54047000-7ffb54051000 r--s 000e7000 08:06 350404                     /home/liqhtninq/.gradle/caches/transforms-1/files-1.1/play-services-fitness-16.0.1.aar/101eaf24fbd8d3d7dc5dcb48b4bf6d2a/jars/classes.jar
7ffb54051000-7ffb54053000 r--s 00008000 08:06 181097                     /home/liqhtninq/.gradle/caches/modules-2/files-2.1/nekohtml/xercesMinimal/1.9.6.2/d1c5e063683a0e6f77cd5f051a9d4af48346fa6/xercesMinimal-1.9.6.2.jar
7ffb54053000-7ffb54056000 r--s 00019000 08:06 181098                     /home/liqhtninq/.gradle/caches/modules-2/files-2.1/nekohtml/nekohtml/1.9.6.2/2d960be7b62ae6622dbbbe49ab4ffdc609f85c80/nekohtml-1.9.6.2.jar
7ffb54056000-7ffb540ad000 r--s 008ec000 08:06 181078                     /home/liqhtninq/.gradle/caches/modules-2/files-2.1/com.ibm.icu/icu4j/53.1/786d9055d4ca8c1aab4a7d4ac8283f973fd7e41f/icu4j-53.1.jar
7ffb540ad000-7ffb540ae000 ---p 00000000 00:00 0 
7ffb540ae000-7ffb540b1000 ---p 00000000 00:00 0 
7ffb540b1000-7ffb541ae000 rw-p 00000000 00:00 0 
7ffb541ae000-7ffb541af000 ---p 00000000 00:00 0 
7ffb541af000-7ffb541b2000 ---p 00000000 00:00 0 
7ffb541b2000-7ffb542af000 rw-p 00000000 00:00 0 
7ffb542af000-7ffb542b0000 ---p 00000000 00:00 0 
7ffb542b0000-7ffb542b3000 ---p 00000000 00:00 0 
7ffb542b3000-7ffb58000000 rw-p 00000000 00:00 0 
7ffb58000000-7ffb58021000 rw-p 00000000 00:00 0 
7ffb58021000-7ffb5c000000 ---p 00000000 00:00 0 
7ffb5c000000-7ffb5c001000 r--s 0000f000 08:06 224717                     /home/liqhtninq/.gradle/caches/modules-2/files-2.1/org.json/json/20180813/8566b2b0391d9d4479ea225645c6ed47ef17fe41/json-20180813.jar
7ffb5c001000-7ffb5c013000 r--s 000fe000 08:06 350782                     /home/liqhtninq/.gradle/caches/transforms-1/files-1.1/firebase-firestore-18.0.1.aar/2229a0ea6fae579c05bcd8dbffce7057/jars/classes.jar
7ffb5c013000-7ffb5c015000 r--s 00007000 08:06 181082                     /home/liqhtninq/.gradle/caches/modules-2/files-2.1/org.apache.maven/maven-profile/2.2.1/3950071587027e5086e9c395574a60650c432738/maven-profile-2.2.1.jar
7ffb5c015000-7ffb5c018000 r--s 00025000 08:06 224182                     /home/liqhtninq/.gradle/caches/modules-2/files-2.1/io.grpc/grpc-okhttp/1.16.1/ae34ca46a3366cdb6d1836e7540162ee6c3627d1/grpc-okhttp-1.16.1.jar
7ffb5c018000-7ffb5c019000 r--s 00002000 08:06 181076                     /home/liqhtninq/.gradle/caches/modules-2/files-2.1/org.apache.ant/ant-launcher/1.8.0/8b53ba16fa62fb1034da8f1de200ddc407c8381/ant-launcher-1.8.0.jar
7ffb5c019000-7ffb5c01c000 r--s 00017000 08:06 350763                     /home/liqhtninq/.gradle/caches/transforms-1/files-1.1/support-core-utils-27.1.1.aar/f6da4d16178e1a66663b8762f6df3a26/jars/classes.jar
7ffb5c01c000-7ffb5c01d000 r--s 00007000 08:06 350778                     /home/liqhtninq/.gradle/caches/transforms-1/files-1.1/support-vector-drawable-27.1.1.aar/ac146577a0b22f77046b7943345086c5/jars/classes.jar
7ffb5c01d000-7ffb5c01e000 r--s 00001000 08:06 350944                     /home/liqhtninq/.gradle/caches/transforms-1/files-1.1/viewmodel-1.1.0.aar/51fd423729b58fa87718f29587d2c492/jars/classes.jar
7ffb5c01e000-7ffb5c025000 r--s 00030000 08:06 224257                     /home/liqhtninq/.gradle/caches/modules-2/files-2.1/io.opencensus/opencensus-api/0.12.3/743f074095f29aa985517299545e72cc99c87de0/opencensus-api-0.12.3.jar
7ffb5c025000-7ffb5c031000 r--s 00080000 08:06 350932                     /home/liqhtninq/.gradle/caches/transforms-1/files-1.1/support-compat-27.1.1.aar/3192f9462323522a2d8389cec9732465/jars/classes.jar
7ffb5c031000-7ffb5c033000 r--s 00006000 08:06 181083                     /home/liqhtninq/.gradle/caches/modules-2/files-2.1/org.apache.maven/maven-plugin-registry/2.2.1/72a24b7775649af78f3986b5aa7eb354b9674cfd/maven-plugin-registry-2.2.1.jar
7ffb5c033000-7ffb5c034000 r--s 00001000 08:06 350654                     /home/liqhtninq/.gradle/caches/transforms-1/files-1.1/firebase-measurement-connector-17.0.1.aar/a14ed8768587b7dcada69c962133efdb/jars/classes.jar
7ffb5c034000-7ffb5c039000 r--s 0002c000 08:06 350794                     /home/liqhtninq/.gradle/caches/transforms-1/files-1.1/transition-27.1.1.aar/98c489b78683422a53f02fad4727e9db/jars/classes.jar
7ffb5c039000-7ffb5c079000 r--s 00285000 08:06 181068                     /home/liqhtninq/.gradle/caches/modules-2/files-2.1/org.bouncycastle/bcprov-jdk15on/1.52/88a941faf9819d371e3174b5ed56a3f3f7d73269/bcprov-jdk15on-1.52.jar
7ffb5c079000-7ffb5c080000 r--s 00029000 08:06 181084                     /home/liqhtninq/.gradle/caches/modules-2/files-2.1/org.codehaus.plexus/plexus-container-default/1.0-alpha-9-stable-1/94aea3010e250a334d9dab7f591114cd6c767458/plexus-container-default-1.0-alpha-9-stable-1.jar
7ffb5c080000-7ffb5c081000 r--s 00002000 08:06 350954                     /home/liqhtninq/.gradle/caches/transforms-1/files-1.1/runtime-1.1.0.aar/fe84191c22ef5dfb88b63f29d7ac6468/jars/classes.jar
7ffb5c081000-7ffb5c083000 r--s 0001c000 08:06 201300                     /home/liqhtninq/.gradle/caches/modules-2/files-2.1/com.android.support.constraint/constraint-layout-solver/1.1.3/bde0667d7414c16ed62d3cfe993cff7f9d732373/constraint-layout-solver-1.1.3.jar
7ffb5c083000-7ffb5c086000 r--s 0002e000 08:06 333689                     /home/liqhtninq/.gradle/caches/transforms-1/files-1.1/play-services-auth-16.0.1.aar/fc0bbf0a62999b7b23da3bfacbbdf912/jars/classes.jar
7ffb5c086000-7ffb5c087000 r--s 0000b000 08:06 181081                     /home/liqhtninq/.gradle/caches/modules-2/files-2.1/org.apache.maven/maven-settings/2.2.1/2236ffe71fa5f78ce42b0f5fc22c54ed45f14294/maven-settings-2.2.1.jar
7ffb5c087000-7ffb5c08a000 r--s 0001d000 08:06 181075                     /home/liqhtninq/.gradle/caches/modules-2/files-2.1/com.almworks.sqlite4java/sqlite4java/0.282/745a7e2f35fdbe6336922e0d492c979dbbfa74fb/sqlite4java-0.282.jar
7ffb5c08a000-7ffb5c08c000 r--s 00003000 08:06 224571                     /home/liqhtninq/.gradle/caches/modules-2/files-2.1/com.google.code.findbugs/jsr305/3.0.2/25ea2e8b0c338a877313bd4672d3fe056ea78f0d/jsr305-3.0.2.jar
7ffb5c08c000-7ffb5c097000 r--s 000a0000 08:06 350400                     /home/liqhtninq/.gradle/caches/transforms-1/files-1.1/appcompat-v7-27.1.1.aar/75daa3437e614b2a62fb1aa19c6379fc/jars/classes.jar
7ffb5c097000-7ffb5c098000 r--s 00000000 08:06 332541                     /home/liqhtninq/.gradle/caches/transforms-1/files-1.1/multidex-instrumentation-1.0.2.aar/8eeff5c116a5f0abbda3e6484b60b116/jars/classes.jar
7ffb5c098000-7ffb5c09e000 r--s 00043000 08:06 350462                     /home/liqhtninq/.gradle/caches/transforms-1/files-1.1/design-27.1.1.aar/580e13beb0fa68350142e85c1c55f6d8/jars/classes.jar
7ffb5c09e000-7ffb5c0cf000 rw-p 00000000 00:00 0 
7ffb5c0cf000-7ffb5c0d2000 ---p 00000000 00:00 0 
7ffb5c0d2000-7ffb5c1d0000 rw-p 00000000 00:00 0 
7ffb5c1d0000-7ffb5c1d3000 ---p 00000000 00:00 0 
7ffb5c1d3000-7ffb5c2d1000 rw-p 00000000 00:00 0 
7ffb5c2d1000-7ffb5c2d4000 ---p 00000000 00:00 0 
7ffb5c2d4000-7ffb5c3d2000 rw-p 00000000 00:00 0 
7ffb5c3d2000-7ffb5c3d3000 ---p 00000000 00:00 0 
7ffb5c3d3000-7ffb5e144000 rw-p 00000000 00:00 0 
7ffb5e144000-7ffb5e314000 r--s 03c54000 08:06 293979                     /home/liqhtninq/android-studio/jre/jre/lib/rt.jar
7ffb5e314000-7ffb5ef4f000 rw-p 00000000 00:00 0 
7ffb5ef4f000-7ffb5ef50000 ---p 00000000 00:00 0 
7ffb5ef50000-7ffb5f050000 rw-p 00000000 00:00 0 
7ffb5f050000-7ffb5f051000 ---p 00000000 00:00 0 
7ffb5f051000-7ffb5f151000 rw-p 00000000 00:00 0 
7ffb5f151000-7ffb5f152000 ---p 00000000 00:00 0 
7ffb5f152000-7ffb5f252000 rw-p 00000000 00:00 0 
7ffb5f252000-7ffb5f253000 ---p 00000000 00:00 0 
7ffb5f253000-7ffb5f353000 rw-p 00000000 00:00 0 
7ffb5f353000-7ffb5f354000 ---p 00000000 00:00 0 
7ffb5f354000-7ffb5f454000 rw-p 00000000 00:00 0 
7ffb5f454000-7ffb5f455000 ---p 00000000 00:00 0 
7ffb5f455000-7ffb5f555000 rw-p 00000000 00:00 0 
7ffb5f555000-7ffb5f556000 ---p 00000000 00:00 0 
7ffb5f556000-7ffb5f656000 rw-p 00000000 00:00 0 
7ffb5f656000-7ffb5f657000 ---p 00000000 00:00 0 
7ffb5f657000-7ffb5f780000 rw-p 00000000 00:00 0 
7ffb5f780000-7ffb5f9db000 ---p 00000000 00:00 0 
7ffb5f9db000-7ffb5fa04000 rw-p 00000000 00:00 0 
7ffb5fa04000-7ffb5fc5e000 ---p 00000000 00:00 0 
7ffb5fc5e000-7ffb5fc82000 rw-p 00000000 00:00 0 
7ffb5fc82000-7ffb5fda0000 ---p 00000000 00:00 0 
7ffb5fda0000-7ffb5fdbf000 rw-p 00000000 00:00 0 
7ffb5fdbf000-7ffb60161000 ---p 00000000 00:00 0 
7ffb60161000-7ffb608d1000 rwxp 00000000 00:00 0 
7ffb608d1000-7ffb6f161000 ---p 00000000 00:00 0 
7ffb6f161000-7ffb6f17b000 r-xp 00000000 08:06 294015                     /home/liqhtninq/android-studio/jre/jre/lib/amd64/libzip.so
7ffb6f17b000-7ffb6f37a000 ---p 0001a000 08:06 294015                     /home/liqhtninq/android-studio/jre/jre/lib/amd64/libzip.so
7ffb6f37a000-7ffb6f37b000 r--p 00019000 08:06 294015                     /home/liqhtninq/android-studio/jre/jre/lib/amd64/libzip.so
7ffb6f37b000-7ffb6f37c000 rw-p 0001a000 08:06 294015                     /home/liqhtninq/android-studio/jre/jre/lib/amd64/libzip.so
7ffb6f37c000-7ffb6f387000 r-xp 00000000 08:06 792324                     /lib/x86_64-linux-gnu/libnss_files-2.27.so
7ffb6f387000-7ffb6f586000 ---p 0000b000 08:06 792324                     /lib/x86_64-linux-gnu/libnss_files-2.27.so
7ffb6f586000-7ffb6f587000 r--p 0000a000 08:06 792324                     /lib/x86_64-linux-gnu/libnss_files-2.27.so
7ffb6f587000-7ffb6f588000 rw-p 0000b000 08:06 792324                     /lib/x86_64-linux-gnu/libnss_files-2.27.so
7ffb6f588000-7ffb6f58e000 rw-p 00000000 00:00 0 
7ffb6f58e000-7ffb6f5a5000 r-xp 00000000 08:06 792318                     /lib/x86_64-linux-gnu/libnsl-2.27.so
7ffb6f5a5000-7ffb6f7a4000 ---p 00017000 08:06 792318                     /lib/x86_64-linux-gnu/libnsl-2.27.so
7ffb6f7a4000-7ffb6f7a5000 r--p 00016000 08:06 792318                     /lib/x86_64-linux-gnu/libnsl-2.27.so
7ffb6f7a5000-7ffb6f7a6000 rw-p 00017000 08:06 792318                     /lib/x86_64-linux-gnu/libnsl-2.27.so
7ffb6f7a6000-7ffb6f7a8000 rw-p 00000000 00:00 0 
7ffb6f7a8000-7ffb6f7b3000 r-xp 00000000 08:06 792335                     /lib/x86_64-linux-gnu/libnss_nis-2.27.so
7ffb6f7b3000-7ffb6f9b2000 ---p 0000b000 08:06 792335                     /lib/x86_64-linux-gnu/libnss_nis-2.27.so
7ffb6f9b2000-7ffb6f9b3000 r--p 0000a000 08:06 792335                     /lib/x86_64-linux-gnu/libnss_nis-2.27.so
7ffb6f9b3000-7ffb6f9b4000 rw-p 0000b000 08:06 792335                     /lib/x86_64-linux-gnu/libnss_nis-2.27.so
7ffb6f9b4000-7ffb6f9bc000 r-xp 00000000 08:06 792320                     /lib/x86_64-linux-gnu/libnss_compat-2.27.so
7ffb6f9bc000-7ffb6fbbc000 ---p 00008000 08:06 792320                     /lib/x86_64-linux-gnu/libnss_compat-2.27.so
7ffb6fbbc000-7ffb6fbbd000 r--p 00008000 08:06 792320                     /lib/x86_64-linux-gnu/libnss_compat-2.27.so
7ffb6fbbd000-7ffb6fbbe000 rw-p 00009000 08:06 792320                     /lib/x86_64-linux-gnu/libnss_compat-2.27.so
7ffb6fbbe000-7ffb6fbeb000 r-xp 00000000 08:06 294014                     /home/liqhtninq/android-studio/jre/jre/lib/amd64/libjava.so
7ffb6fbeb000-7ffb6fdea000 ---p 0002d000 08:06 294014                     /home/liqhtninq/android-studio/jre/jre/lib/amd64/libjava.so
7ffb6fdea000-7ffb6fdeb000 r--p 0002c000 08:06 294014                     /home/liqhtninq/android-studio/jre/jre/lib/amd64/libjava.so
7ffb6fdeb000-7ffb6fded000 rw-p 0002d000 08:06 294014                     /home/liqhtninq/android-studio/jre/jre/lib/amd64/libjava.so
7ffb6fded000-7ffb6fdfe000 r-xp 00000000 08:06 293996                     /home/liqhtninq/android-studio/jre/jre/lib/amd64/libverify.so
7ffb6fdfe000-7ffb6fffd000 ---p 00011000 08:06 293996                     /home/liqhtninq/android-studio/jre/jre/lib/amd64/libverify.so
7ffb6fffd000-7ffb6ffff000 r--p 00010000 08:06 293996                     /home/liqhtninq/android-studio/jre/jre/lib/amd64/libverify.so
7ffb6ffff000-7ffb70000000 rw-p 00012000 08:06 293996                     /home/liqhtninq/android-studio/jre/jre/lib/amd64/libverify.so
7ffb70000000-7ffb70ec8000 rw-p 00000000 00:00 0 
7ffb70ec8000-7ffb74000000 ---p 00000000 00:00 0 
7ffb74000000-7ffb74001000 r--s 00001000 08:06 350952                     /home/liqhtninq/.gradle/caches/transforms-1/files-1.1/runtime-1.1.0.aar/37dc6d2c6afd834c05e10bc111746983/jars/classes.jar
7ffb74001000-7ffb74002000 r--s 00001000 08:06 350663                     /home/liqhtninq/.gradle/caches/transforms-1/files-1.1/play-services-places-placereport-16.0.0.aar/6a8756ce9e373c57fab1a5ade26c1daa/jars/classes.jar
7ffb74002000-7ffb74006000 r--s 00029000 08:06 350760                     /home/liqhtninq/.gradle/caches/transforms-1/files-1.1/support-fragment-27.1.1.aar/6a80db77867c1cc6dcb4d60239f56bef/jars/classes.jar
7ffb74006000-7ffb74007000 r--s 00002000 08:06 181058                     /home/liqhtninq/.gradle/caches/modules-2/files-2.1/org.robolectric/junit/4.1/b962a4ba88371a10240148b3304ebcc651b6b0fe/junit-4.1.jar
7ffb74007000-7ffb7400d000 r--s 0005a000 08:06 181063                     /home/liqhtninq/.gradle/caches/modules-2/files-2.1/org.robolectric/resources/4.1/384de33f64db44dde6a6cce31feada722c4aee8f/resources-4.1.jar
7ffb7400d000-7ffb7400e000 r--s 00008000 08:06 350942                     /home/liqhtninq/.gradle/caches/transforms-1/files-1.1/firebase-database-collection-16.0.1.aar/81823de6abe49636d66663615462fa20/jars/classes.jar
7ffb7400e000-7ffb74010000 r--s 00007000 08:06 181071                     /home/liqhtninq/.gradle/caches/modules-2/files-2.1/org.ow2.asm/asm-analysis/7.0/4b310d20d6f1c6b7197a75f1b5d69f169bc8ac1f/asm-analysis-7.0.jar
7ffb74010000-7ffb74012000 r--s 00002000 08:06 200370                     /home/liqhtninq/.gradle/caches/modules-2/files-2.1/com.google.errorprone/error_prone_annotations/2.2.0/88e3c593e9b3586e1c6177f89267da6fc6986f0c/error_prone_annotations-2.2.0.jar
7ffb74012000-7ffb74014000 r--s 0000e000 08:06 349942                     /home/liqhtninq/.gradle/caches/transforms-1/files-1.1/constraint-layout-1.1.3.aar/49ee60c10afbc52d3c7699bc4ec58e57/jars/classes.jar
7ffb74014000-7ffb74015000 r--s 00000000 08:06 349931                     /home/liqhtninq/.gradle/caches/transforms-1/files-1.1/firebase-core-16.0.7.aar/c8e669a8a25ff45b09b5daee8ceed2f2/jars/classes.jar
7ffb74015000-7ffb7401c000 r--s 00078000 08:06 350670                     /home/liqhtninq/.gradle/caches/transforms-1/files-1.1/play-services-basement-16.0.1.aar/6c8d70e66bb867914eedbaebe2892058/jars/classes.jar
7ffb7401c000-7ffb7401e000 r--s 00012000 08:06 181070                     /home/liqhtninq/.gradle/caches/modules-2/files-2.1/org.ow2.asm/asm-commons/7.0/478006d07b7c561ae3a92ddc1829bca81ae0cdd1/asm-commons-7.0.jar
7ffb7401e000-7ffb74025000 r-xp 00000000 08:06 792375                     /lib/x86_64-linux-gnu/librt-2.27.so
7ffb74025000-7ffb74224000 ---p 00007000 08:06 792375                     /lib/x86_64-linux-gnu/librt-2.27.so
7ffb74224000-7ffb74225000 r--p 00006000 08:06 792375                     /lib/x86_64-linux-gnu/librt-2.27.so
7ffb74225000-7ffb74226000 rw-p 00007000 08:06 792375                     /lib/x86_64-linux-gnu/librt-2.27.so
7ffb74226000-7ffb743c3000 r-xp 00000000 08:06 792297                     /lib/x86_64-linux-gnu/libm-2.27.so
7ffb743c3000-7ffb745c2000 ---p 0019d000 08:06 792297                     /lib/x86_64-linux-gnu/libm-2.27.so
7ffb745c2000-7ffb745c3000 r--p 0019c000 08:06 792297                     /lib/x86_64-linux-gnu/libm-2.27.so
7ffb745c3000-7ffb745c4000 rw-p 0019d000 08:06 792297                     /lib/x86_64-linux-gnu/libm-2.27.so
7ffb745c4000-7ffb75230000 r-xp 00000000 08:06 293989                     /home/liqhtninq/android-studio/jre/jre/lib/amd64/server/libjvm.so
7ffb75230000-7ffb75430000 ---p 00c6c000 08:06 293989                     /home/liqhtninq/android-studio/jre/jre/lib/amd64/server/libjvm.so
7ffb75430000-7ffb754c4000 r--p 00c6c000 08:06 293989                     /home/liqhtninq/android-studio/jre/jre/lib/amd64/server/libjvm.so
7ffb754c4000-7ffb754ec000 rw-p 00d00000 08:06 293989                     /home/liqhtninq/android-studio/jre/jre/lib/amd64/server/libjvm.so
7ffb754ec000-7ffb7551d000 rw-p 00000000 00:00 0 
7ffb7551d000-7ffb75704000 r-xp 00000000 08:06 792234                     /lib/x86_64-linux-gnu/libc-2.27.so
7ffb75704000-7ffb75904000 ---p 001e7000 08:06 792234                     /lib/x86_64-linux-gnu/libc-2.27.so
7ffb75904000-7ffb75908000 r--p 001e7000 08:06 792234                     /lib/x86_64-linux-gnu/libc-2.27.so
7ffb75908000-7ffb7590a000 rw-p 001eb000 08:06 792234                     /lib/x86_64-linux-gnu/libc-2.27.so
7ffb7590a000-7ffb7590e000 rw-p 00000000 00:00 0 
7ffb7590e000-7ffb75911000 r-xp 00000000 08:06 792257                     /lib/x86_64-linux-gnu/libdl-2.27.so
7ffb75911000-7ffb75b10000 ---p 00003000 08:06 792257                     /lib/x86_64-linux-gnu/libdl-2.27.so
7ffb75b10000-7ffb75b11000 r--p 00002000 08:06 792257                     /lib/x86_64-linux-gnu/libdl-2.27.so
7ffb75b11000-7ffb75b12000 rw-p 00003000 08:06 792257                     /lib/x86_64-linux-gnu/libdl-2.27.so
7ffb75b12000-7ffb75b28000 r-xp 00000000 08:06 294094                     /home/liqhtninq/android-studio/jre/lib/amd64/jli/libjli.so
7ffb75b28000-7ffb75d28000 ---p 00016000 08:06 294094                     /home/liqhtninq/android-studio/jre/lib/amd64/jli/libjli.so
7ffb75d28000-7ffb75d29000 r--p 00016000 08:06 294094                     /home/liqhtninq/android-studio/jre/lib/amd64/jli/libjli.so
7ffb75d29000-7ffb75d2a000 rw-p 00017000 08:06 294094                     /home/liqhtninq/android-studio/jre/lib/amd64/jli/libjli.so
7ffb75d2a000-7ffb75d44000 r-xp 00000000 08:06 792367                     /lib/x86_64-linux-gnu/libpthread-2.27.so
7ffb75d44000-7ffb75f43000 ---p 0001a000 08:06 792367                     /lib/x86_64-linux-gnu/libpthread-2.27.so
7ffb75f43000-7ffb75f44000 r--p 00019000 08:06 792367                     /lib/x86_64-linux-gnu/libpthread-2.27.so
7ffb75f44000-7ffb75f45000 rw-p 0001a000 08:06 792367                     /lib/x86_64-linux-gnu/libpthread-2.27.so
7ffb75f45000-7ffb75f49000 rw-p 00000000 00:00 0 
7ffb75f49000-7ffb75f70000 r-xp 00000000 08:06 792206                     /lib/x86_64-linux-gnu/ld-2.27.so
7ffb75f70000-7ffb75f72000 r--s 00007000 08:06 350464                     /home/liqhtninq/.gradle/caches/transforms-1/files-1.1/firebase-measurement-connector-impl-17.0.5.aar/b89d1c8bca0fe14b8d85f73b6902de04/jars/classes.jar
7ffb75f72000-7ffb75f7a000 r--s 0004c000 08:06 350807                     /home/liqhtninq/.gradle/caches/transforms-1/files-1.1/support-media-compat-27.1.1.aar/51681fefe6865bf69d8cf5061795f65e/jars/classes.jar
7ffb75f7a000-7ffb75f7c000 r--s 0000b000 08:06 181091                     /home/liqhtninq/.gradle/caches/modules-2/files-2.1/org.apache.maven.wagon/wagon-provider-api/1.0-beta-6/3f952e0282ae77ae59851d96bb18015e520b6208/wagon-provider-api-1.0-beta-6.jar
7ffb75f7c000-7ffb75f7e000 r--s 00014000 08:06 356385                     /home/liqhtninq/.gradle/caches/transforms-1/files-1.1/graphview-4.2.2.aar/3b8c229cad4550734dc3610047543cf8/jars/classes.jar
7ffb75f7e000-7ffb75f7f000 r--s 00002000 08:06 181088                     /home/liqhtninq/.gradle/caches/modules-2/files-2.1/org.apache.maven.wagon/wagon-file/1.0-beta-6/6c53633505460caf49d2660de1e24744d915afb9/wagon-file-1.0-beta-6.jar
7ffb75f7f000-7ffb75f83000 r--s 00023000 08:06 181077                     /home/liqhtninq/.gradle/caches/modules-2/files-2.1/org.apache.maven/maven-project/2.2.1/8239e98c16f641d55a4ad0e0bab0aee3aff8933f/maven-project-2.2.1.jar
7ffb75f83000-7ffb75f85000 r--s 0000c000 08:06 224721                     /home/liqhtninq/.gradle/caches/modules-2/files-2.1/org.objenesis/objenesis/2.6/639033469776fd37c08358c6b92a4761feb2af4b/objenesis-2.6.jar
7ffb75f85000-7ffb75f8d000 r--s 00049000 08:06 181099                     /home/liqhtninq/.gradle/caches/modules-2/files-2.1/backport-util-concurrent/backport-util-concurrent/3.1/682f7ac17fed79e92f8e87d8455192b63376347b/backport-util-concurrent-3.1.jar
7ffb75f8d000-7ffb76057000 rw-p 00000000 00:00 0 
7ffb76057000-7ffb76058000 ---p 00000000 00:00 0 
7ffb76058000-7ffb7605b000 ---p 00000000 00:00 0 
7ffb7605b000-7ffb7615c000 rw-p 00000000 00:00 0 
7ffb7615c000-7ffb7615d000 r--s 00002000 08:06 224254                     /home/liqhtninq/.gradle/caches/modules-2/files-2.1/io.opencensus/opencensus-contrib-grpc-metrics/0.12.3/a4c7ff238a91b901c8b459889b6d0d7a9d889b4d/opencensus-contrib-grpc-metrics-0.12.3.jar
7ffb7615d000-7ffb7615e000 r--s 00001000 08:06 224246                     /home/liqhtninq/.gradle/caches/modules-2/files-2.1/io.grpc/grpc-protobuf-lite/1.16.1/3d03ee1e5e292f2312d7ca99c00ddcf9d0544c35/grpc-protobuf-lite-1.16.1.jar
7ffb7615e000-7ffb7615f000 r--s 00000000 08:06 350758                     /home/liqhtninq/.gradle/caches/transforms-1/files-1.1/support-v4-27.1.1.aar/e47d02d9b9bf50e093cd75f1be1fa79c/jars/classes.jar
7ffb7615f000-7ffb76161000 r--s 00008000 08:06 553416                     /home/liqhtninq/android-studio/plugins/junit/lib/junit5-rt.jar
7ffb76161000-7ffb76164000 r--s 0001f000 08:06 553419                     /home/liqhtninq/android-studio/plugins/junit/lib/junit-rt.jar
7ffb76164000-7ffb76166000 r--s 0001a000 08:06 301403                     /home/liqhtninq/android-studio/lib/idea_rt.jar
7ffb76166000-7ffb7616e000 rw-s 00000000 08:06 223624                     /tmp/hsperfdata_liqhtninq/21804
7ffb7616e000-7ffb7616f000 rw-p 00000000 00:00 0 
7ffb7616f000-7ffb76170000 ---p 00000000 00:00 0 
7ffb76170000-7ffb76171000 r--p 00027000 08:06 792206                     /lib/x86_64-linux-gnu/ld-2.27.so
7ffb76171000-7ffb76172000 rw-p 00028000 08:06 792206                     /lib/x86_64-linux-gnu/ld-2.27.so
7ffb76172000-7ffb76173000 rw-p 00000000 00:00 0 
7ffec2de7000-7ffec2e0d000 rw-p 00000000 00:00 0                          [stack]
7ffec2fcb000-7ffec2fce000 r--p 00000000 00:00 0                          [vvar]
7ffec2fce000-7ffec2fd0000 r-xp 00000000 00:00 0                          [vdso]
ffffffffff600000-ffffffffff601000 r-xp 00000000 00:00 0                  [vsyscall]

VM Arguments:
jvm_args: -ea -Didea.test.cyclic.buffer.size=1048576 -Didea.launcher.port=41341 -Didea.launcher.bin.path=/home/liqhtninq/android-studio/bin -Dfile.encoding=UTF-8 
java_command: com.intellij.rt.execution.application.AppMainV2 com.intellij.rt.execution.junit.JUnitStarter -ideVersion5 edu.ucsd.cse110.team1_personalbest.Activities.CountStepActivityTest
java_class_path (initial): /home/liqhtninq/android-studio/lib/idea_rt.jar:/home/liqhtninq/android-studio/plugins/junit/lib/junit-rt.jar:/home/liqhtninq/android-studio/plugins/junit/lib/junit5-rt.jar:/home/liqhtninq/Android/Sdk/platforms/android-27/data/res:/home/liqhtninq/testdir/Team1PersonalBest/app/build/intermediates/javac/debugUnitTest/compileDebugUnitTestJavaWithJavac/classes:/home/liqhtninq/testdir/Team1PersonalBest/app/build/intermediates/javac/debug/compileDebugJavaWithJavac/classes:/home/liqhtninq/testdir/Team1PersonalBest/app/build/generated/res/google-services/debug:/home/liqhtninq/testdir/Team1PersonalBest/app/build/generated/res/rs/debug:/home/liqhtninq/testdir/Team1PersonalBest/app/build/generated/res/resValues/debug:/home/liqhtninq/testdir/Team1PersonalBest/app/build/intermediates/unit_test_config_directory/debugUnitTest/generateDebugUnitTestConfig/out:/home/liqhtninq/.gradle/caches/modules-2/files-2.1/backport-util-concurrent/backport-util-concurrent/3.1/682f7ac17fed79e92f8e87d8455192b63376347b/backport-util-concurrent-3.1.jar:/home/liqhtninq/.gradle/caches/transforms-1/files-1.1/support-v4-27.1.1.aar/e47d02d9b9bf50e093cd75f1be1fa79c/jars/classes.jar:/home/liqhtninq/.gradle/caches/modules-2/files-2.1/io.grpc/grpc-protobuf-lite/1.16.1/3d03ee1e5e292f2312d7ca99c00ddcf9d0544c35/grpc-protobuf-lite-1.16.1.jar:/home/liqhtninq/.gradle/caches/modules-2/files-2.1/io.opencensus/opencensus-contrib-grpc-metrics/0.12.3/a4c7ff238a91b901c8b459889b6d0d7a9d889b4d/opencensus-contrib-grpc-metrics-0.12.3.jar:/home/liqhtninq/.gradle/caches/modules-2/files-2.1/org.objenesis/objenesis/2.6/639033469776fd37c08358c6b92a4761feb2af4b/objenesis-2.6.jar:/home/liqhtninq/.gradle/caches/modules-2/files-2.1/org.apache.maven/maven-project/2.2.1/8239e98c16f641d55a4ad0e0bab0aee3aff8933f/maven-project-2.2.1.jar:/home/liqhtninq/.gradle/caches/modules-2/files-2.1/org.apache.maven.wagon/wagon-file/1.0-beta-6/6c53633505460caf49d2660de1e24744d915afb9/wagon-file-1.0-beta-6.jar:/home/liqhtnin
Launcher Type: SUN_STANDARD

Environment Variables:
PATH=/home/liqhtninq/google-cloud-sdk-229.0.0-linux-x86_64/google-cloud-sdk/bin:/home/liqhtninq/anaconda3/bin:/home/liqhtninq/.local/bin:/usr/local/sbin:/usr/local/bin:/usr/sbin:/usr/bin:/sbin:/bin:/usr/games:/usr/local/games:/snap/bin
USERNAME=liqhtninq
SHELL=/bin/bash
DISPLAY=:0

Signal Handlers:
SIGSEGV: [libjvm.so+0xa71670], sa_mask[0]=11111111011111111101111111111110, sa_flags=SA_RESTART|SA_SIGINFO
SIGBUS: [libjvm.so+0xa71670], sa_mask[0]=11111111011111111101111111111110, sa_flags=SA_RESTART|SA_SIGINFO
SIGFPE: [libjvm.so+0x8b1780], sa_mask[0]=11111111011111111101111111111110, sa_flags=SA_RESTART|SA_SIGINFO
SIGPIPE: [libjvm.so+0x8b1780], sa_mask[0]=11111111011111111101111111111110, sa_flags=SA_RESTART|SA_SIGINFO
SIGXFSZ: [libjvm.so+0x8b1780], sa_mask[0]=11111111011111111101111111111110, sa_flags=SA_RESTART|SA_SIGINFO
SIGILL: [libjvm.so+0x8b1780], sa_mask[0]=11111111011111111101111111111110, sa_flags=SA_RESTART|SA_SIGINFO
SIGUSR1: SIG_DFL, sa_mask[0]=00000000000000000000000000000000, sa_flags=none
SIGUSR2: [libjvm.so+0x8b1650], sa_mask[0]=00100000000000000000000000000000, sa_flags=SA_RESTART|SA_SIGINFO
SIGHUP: SIG_IGN, sa_mask[0]=00000000000000000000000000000000, sa_flags=none
SIGINT: [libjvm.so+0x8b1ab0], sa_mask[0]=11111111011111111101111111111110, sa_flags=SA_RESTART|SA_SIGINFO
SIGTERM: [libjvm.so+0x8b1ab0], sa_mask[0]=11111111011111111101111111111110, sa_flags=SA_RESTART|SA_SIGINFO
SIGQUIT: [libjvm.so+0x8b1ab0], sa_mask[0]=11111111011111111101111111111110, sa_flags=SA_RESTART|SA_SIGINFO


---------------  S Y S T E M  ---------------

OS:DISTRIB_ID=Ubuntu
DISTRIB_RELEASE=18.04
DISTRIB_CODENAME=bionic
DISTRIB_DESCRIPTION="Ubuntu 18.04.1 LTS"

uname:Linux 4.15.0-36-generic #39-Ubuntu SMP Mon Sep 24 16:19:09 UTC 2018 x86_64
libc:glibc 2.27 NPTL 2.27 
rlimit: STACK 8192k, CORE 0k, NPROC 30442, NOFILE 4096, AS infinity
load average:33.30 9.70 4.21

/proc/meminfo:
MemTotal:        7903468 kB
MemFree:          103692 kB
MemAvailable:       7712 kB
Buffers:             820 kB
Cached:           322360 kB
SwapCached:         1612 kB
Active:          6498516 kB
Inactive:         923264 kB
Active(anon):    6495128 kB
Inactive(anon):   915508 kB
Active(file):       3388 kB
Inactive(file):     7756 kB
Unevictable:         256 kB
Mlocked:             256 kB
SwapTotal:       1219740 kB
SwapFree:              0 kB
Dirty:               132 kB
Writeback:             0 kB
AnonPages:       7098512 kB
Mapped:            61696 kB
Shmem:            311100 kB
Slab:             165460 kB
SReclaimable:      71160 kB
SUnreclaim:        94300 kB
KernelStack:       19392 kB
PageTables:        97572 kB
NFS_Unstable:          0 kB
Bounce:                0 kB
WritebackTmp:          0 kB
CommitLimit:     5171472 kB
Committed_AS:   17918428 kB
VmallocTotal:   34359738367 kB
VmallocUsed:           0 kB
VmallocChunk:          0 kB
HardwareCorrupted:     0 kB
AnonHugePages:         0 kB
ShmemHugePages:        0 kB
ShmemPmdMapped:        0 kB
CmaTotal:              0 kB
CmaFree:               0 kB
HugePages_Total:       0
HugePages_Free:        0
HugePages_Rsvd:        0
HugePages_Surp:        0
Hugepagesize:       2048 kB
DirectMap4k:     1329388 kB
DirectMap2M:     6793216 kB
DirectMap1G:     1048576 kB


CPU:total 8 (initial active 8) (4 cores per cpu, 2 threads per core) family 6 model 142 stepping 10, cmov, cx8, fxsr, mmx, sse, sse2, sse3, ssse3, sse4.1, sse4.2, popcnt, avx, avx2, aes, clmul, erms, 3dnowpref, lzcnt, ht, tsc, tscinvbit, bmi1, bmi2, adx

/proc/cpuinfo:
processor	: 0
vendor_id	: GenuineIntel
cpu family	: 6
model		: 142
model name	: Intel(R) Core(TM) i5-8250U CPU @ 1.60GHz
stepping	: 10
microcode	: 0x96
cpu MHz		: 2399.997
cache size	: 6144 KB
physical id	: 0
siblings	: 8
core id		: 0
cpu cores	: 4
apicid		: 0
initial apicid	: 0
fpu		: yes
fpu_exception	: yes
cpuid level	: 22
wp		: yes
flags		: fpu vme de pse tsc msr pae mce cx8 apic sep mtrr pge mca cmov pat pse36 clflush dts acpi mmx fxsr sse sse2 ss ht tm pbe syscall nx pdpe1gb rdtscp lm constant_tsc art arch_perfmon pebs bts rep_good nopl xtopology nonstop_tsc cpuid aperfmperf tsc_known_freq pni pclmulqdq dtes64 monitor ds_cpl vmx est tm2 ssse3 sdbg fma cx16 xtpr pdcm pcid sse4_1 sse4_2 x2apic movbe popcnt tsc_deadline_timer aes xsave avx f16c rdrand lahf_lm abm 3dnowprefetch cpuid_fault epb invpcid_single pti ssbd ibrs ibpb stibp tpr_shadow vnmi flexpriority ept vpid fsgsbase tsc_adjust bmi1 avx2 smep bmi2 erms invpcid mpx rdseed adx smap clflushopt intel_pt xsaveopt xsavec xgetbv1 xsaves dtherm ida arat pln pts hwp hwp_notify hwp_act_window hwp_epp flush_l1d
bugs		: cpu_meltdown spectre_v1 spectre_v2 spec_store_bypass l1tf
bogomips	: 3600.00
clflush size	: 64
cache_alignment	: 64
address sizes	: 39 bits physical, 48 bits virtual
power management:

processor	: 1
vendor_id	: GenuineIntel
cpu family	: 6
model		: 142
model name	: Intel(R) Core(TM) i5-8250U CPU @ 1.60GHz
stepping	: 10
microcode	: 0x96
cpu MHz		: 2400.004
cache size	: 6144 KB
physical id	: 0
siblings	: 8
core id		: 1
cpu cores	: 4
apicid		: 2
initial apicid	: 2
fpu		: yes
fpu_exception	: yes
cpuid level	: 22
wp		: yes
flags		: fpu vme de pse tsc msr pae mce cx8 apic sep mtrr pge mca cmov pat pse36 clflush dts acpi mmx fxsr sse sse2 ss ht tm pbe syscall nx pdpe1gb rdtscp lm constant_tsc art arch_perfmon pebs bts rep_good nopl xtopology nonstop_tsc cpuid aperfmperf tsc_known_freq pni pclmulqdq dtes64 monitor ds_cpl vmx est tm2 ssse3 sdbg fma cx16 xtpr pdcm pcid sse4_1 sse4_2 x2apic movbe popcnt tsc_deadline_timer aes xsave avx f16c rdrand lahf_lm abm 3dnowprefetch cpuid_fault epb invpcid_single pti ssbd ibrs ibpb stibp tpr_shadow vnmi flexpriority ept vpid fsgsbase tsc_adjust bmi1 avx2 smep bmi2 erms invpcid mpx rdseed adx smap clflushopt intel_pt xsaveopt xsavec xgetbv1 xsaves dtherm ida arat pln pts hwp hwp_notify hwp_act_window hwp_epp flush_l1d
bugs		: cpu_meltdown spectre_v1 spectre_v2 spec_store_bypass l1tf
bogomips	: 3600.00
clflush size	: 64
cache_alignment	: 64
address sizes	: 39 bits physical, 48 bits virtual
power management:

processor	: 2
vendor_id	: GenuineIntel
cpu family	: 6
model		: 142
model name	: Intel(R) Core(TM) i5-8250U CPU @ 1.60GHz
stepping	: 10
microcode	: 0x96
cpu MHz		: 2400.000
cache size	: 6144 KB
physical id	: 0
siblings	: 8
core id		: 2
cpu cores	: 4
apicid		: 4
initial apicid	: 4
fpu		: yes
fpu_exception	: yes
cpuid level	: 22
wp		: yes
flags		: fpu vme de pse tsc msr pae mce cx8 apic sep mtrr pge mca cmov pat pse36 clflush dts acpi mmx fxsr sse sse2 ss ht tm pbe syscall nx pdpe1gb rdtscp lm constant_tsc art arch_perfmon pebs bts rep_good nopl xtopology nonstop_tsc cpuid aperfmperf tsc_known_freq pni pclmulqdq dtes64 monitor ds_cpl vmx est tm2 ssse3 sdbg fma cx16 xtpr pdcm pcid sse4_1 sse4_2 x2apic movbe popcnt tsc_deadline_timer aes xsave avx f16c rdrand lahf_lm abm 3dnowprefetch cpuid_fault epb invpcid_single pti ssbd ibrs ibpb stibp tpr_shadow vnmi flexpriority ept vpid fsgsbase tsc_adjust bmi1 avx2 smep bmi2 erms invpcid mpx rdseed adx smap clflushopt intel_pt xsaveopt xsavec xgetbv1 xsaves dtherm ida arat pln pts hwp hwp_notify hwp_act_window hwp_epp flush_l1d
bugs		: cpu_meltdown spectre_v1 spectre_v2 spec_store_bypass l1tf
bogomips	: 3600.00
clflush size	: 64
cache_alignment	: 64
address sizes	: 39 bits physical, 48 bits virtual
power management:

processor	: 3
vendor_id	: GenuineIntel
cpu family	: 6
model		: 142
model name	: Intel(R) Core(TM) i5-8250U CPU @ 1.60GHz
stepping	: 10
microcode	: 0x96
cpu MHz		: 2400.002
cache size	: 6144 KB
physical id	: 0
siblings	: 8
core id		: 3
cpu cores	: 4
apicid		: 6
initial apicid	: 6
fpu		: yes
fpu_exception	: yes
cpuid level	: 22
wp		: yes
flags		: fpu vme de pse tsc msr pae mce cx8 apic sep mtrr pge mca cmov pat pse36 clflush dts acpi mmx fxsr sse sse2 ss ht tm pbe syscall nx pdpe1gb rdtscp lm constant_tsc art arch_perfmon pebs bts rep_good nopl xtopology nonstop_tsc cpuid aperfmperf tsc_known_freq pni pclmulqdq dtes64 monitor ds_cpl vmx est tm2 ssse3 sdbg fma cx16 xtpr pdcm pcid sse4_1 sse4_2 x2apic movbe popcnt tsc_deadline_timer aes xsave avx f16c rdrand lahf_lm abm 3dnowprefetch cpuid_fault epb invpcid_single pti ssbd ibrs ibpb stibp tpr_shadow vnmi flexpriority ept vpid fsgsbase tsc_adjust bmi1 avx2 smep bmi2 erms invpcid mpx rdseed adx smap clflushopt intel_pt xsaveopt xsavec xgetbv1 xsaves dtherm ida arat pln pts hwp hwp_notify hwp_act_window hwp_epp flush_l1d
bugs		: cpu_meltdown spectre_v1 spectre_v2 spec_store_bypass l1tf
bogomips	: 3600.00
clflush size	: 64
cache_alignment	: 64
address sizes	: 39 bits physical, 48 bits virtual
power management:

processor	: 4
vendor_id	: GenuineIntel
cpu family	: 6
model		: 142
model name	: Intel(R) Core(TM) i5-8250U CPU @ 1.60GHz
stepping	: 10
microcode	: 0x96
cpu MHz		: 2400.000
cache size	: 6144 KB
physical id	: 0
siblings	: 8
core id		: 0
cpu cores	: 4
apicid		: 1
initial apicid	: 1
fpu		: yes
fpu_exception	: yes
cpuid level	: 22
wp		: yes
flags		: fpu vme de pse tsc msr pae mce cx8 apic sep mtrr pge mca cmov pat pse36 clflush dts acpi mmx fxsr sse sse2 ss ht tm pbe syscall nx pdpe1gb rdtscp lm constant_tsc art arch_perfmon pebs bts rep_good nopl xtopology nonstop_tsc cpuid aperfmperf tsc_known_freq pni pclmulqdq dtes64 monitor ds_cpl vmx est tm2 ssse3 sdbg fma cx16 xtpr pdcm pcid sse4_1 sse4_2 x2apic movbe popcnt tsc_deadline_timer aes xsave avx f16c rdrand lahf_lm abm 3dnowprefetch cpuid_fault epb invpcid_single pti ssbd ibrs ibpb stibp tpr_shadow vnmi flexpriority ept vpid fsgsbase tsc_adjust bmi1 avx2 smep bmi2 erms invpcid mpx rdseed adx smap clflushopt intel_pt xsaveopt xsavec xgetbv1 xsaves dtherm ida arat pln pts hwp hwp_notify hwp_act_window hwp_epp flush_l1d
bugs		: cpu_meltdown spectre_v1 spectre_v2 spec_store_bypass l1tf
bogomips	: 3600.00
clflush size	: 64
cache_alignment	: 64
address sizes	: 39 bits physical, 48 bits virtual
power management:

processor	: 5
vendor_id	: GenuineIntel
cpu family	: 6
model		: 142
model name	: Intel(R) Core(TM) i5-8250U CPU @ 1.60GHz
stepping	: 10
microcode	: 0x96
cpu MHz		: 2400.001
cache size	: 6144 KB
physical id	: 0
siblings	: 8
core id		: 1
cpu cores	: 4
apicid		: 3
initial apicid	: 3
fpu		: yes
fpu_exception	: yes
cpuid level	: 22
wp		: yes
flags		: fpu vme de pse tsc msr pae mce cx8 apic sep mtrr pge mca cmov pat pse36 clflush dts acpi mmx fxsr sse sse2 ss ht tm pbe syscall nx pdpe1gb rdtscp lm constant_tsc art arch_perfmon pebs bts rep_good nopl xtopology nonstop_tsc cpuid aperfmperf tsc_known_freq pni pclmulqdq dtes64 monitor ds_cpl vmx est tm2 ssse3 sdbg fma cx16 xtpr pdcm pcid sse4_1 sse4_2 x2apic movbe popcnt tsc_deadline_timer aes xsave avx f16c rdrand lahf_lm abm 3dnowprefetch cpuid_fault epb invpcid_single pti ssbd ibrs ibpb stibp tpr_shadow vnmi flexpriority ept vpid fsgsbase tsc_adjust bmi1 avx2 smep bmi2 erms invpcid mpx rdseed adx smap clflushopt intel_pt xsaveopt xsavec xgetbv1 xsaves dtherm ida arat pln pts hwp hwp_notify hwp_act_window hwp_epp flush_l1d
bugs		: cpu_meltdown spectre_v1 spectre_v2 spec_store_bypass l1tf
bogomips	: 3600.00
clflush size	: 64
cache_alignment	: 64
address sizes	: 39 bits physical, 48 bits virtual
power management:

processor	: 6
vendor_id	: GenuineIntel
cpu family	: 6
model		: 142
model name	: Intel(R) Core(TM) i5-8250U CPU @ 1.60GHz
stepping	: 10
microcode	: 0x96
cpu MHz		: 2399.997
cache size	: 6144 KB
physical id	: 0
siblings	: 8
core id		: 2
cpu cores	: 4
apicid		: 5
initial apicid	: 5
fpu		: yes
fpu_exception	: yes
cpuid level	: 22
wp		: yes
flags		: fpu vme de pse tsc msr pae mce cx8 apic sep mtrr pge mca cmov pat pse36 clflush dts acpi mmx fxsr sse sse2 ss ht tm pbe syscall nx pdpe1gb rdtscp lm constant_tsc art arch_perfmon pebs bts rep_good nopl xtopology nonstop_tsc cpuid aperfmperf tsc_known_freq pni pclmulqdq dtes64 monitor ds_cpl vmx est tm2 ssse3 sdbg fma cx16 xtpr pdcm pcid sse4_1 sse4_2 x2apic movbe popcnt tsc_deadline_timer aes xsave avx f16c rdrand lahf_lm abm 3dnowprefetch cpuid_fault epb invpcid_single pti ssbd ibrs ibpb stibp tpr_shadow vnmi flexpriority ept vpid fsgsbase tsc_adjust bmi1 avx2 smep bmi2 erms invpcid mpx rdseed adx smap clflushopt intel_pt xsaveopt xsavec xgetbv1 xsaves dtherm ida arat pln pts hwp hwp_notify hwp_act_window hwp_epp flush_l1d
bugs		: cpu_meltdown spectre_v1 spectre_v2 spec_store_bypass l1tf
bogomips	: 3600.00
clflush size	: 64
cache_alignment	: 64
address sizes	: 39 bits physical, 48 bits virtual
power management:

processor	: 7
vendor_id	: GenuineIntel
cpu family	: 6
model		: 142
model name	: Intel(R) Core(TM) i5-8250U CPU @ 1.60GHz
stepping	: 10
microcode	: 0x96
cpu MHz		: 2400.005
cache size	: 6144 KB
physical id	: 0
siblings	: 8
core id		: 3
cpu cores	: 4
apicid		: 7
initial apicid	: 7
fpu		: yes
fpu_exception	: yes
cpuid level	: 22
wp		: yes
flags		: fpu vme de pse tsc msr pae mce cx8 apic sep mtrr pge mca cmov pat pse36 clflush dts acpi mmx fxsr sse sse2 ss ht tm pbe syscall nx pdpe1gb rdtscp lm constant_tsc art arch_perfmon pebs bts rep_good nopl xtopology nonstop_tsc cpuid aperfmperf tsc_known_freq pni pclmulqdq dtes64 monitor ds_cpl vmx est tm2 ssse3 sdbg fma cx16 xtpr pdcm pcid sse4_1 sse4_2 x2apic movbe popcnt tsc_deadline_timer aes xsave avx f16c rdrand lahf_lm abm 3dnowprefetch cpuid_fault epb invpcid_single pti ssbd ibrs ibpb stibp tpr_shadow vnmi flexpriority ept vpid fsgsbase tsc_adjust bmi1 avx2 smep bmi2 erms invpcid mpx rdseed adx smap clflushopt intel_pt xsaveopt xsavec xgetbv1 xsaves dtherm ida arat pln pts hwp hwp_notify hwp_act_window hwp_epp flush_l1d
bugs		: cpu_meltdown spectre_v1 spectre_v2 spec_store_bypass l1tf
bogomips	: 3600.00
clflush size	: 64
cache_alignment	: 64
address sizes	: 39 bits physical, 48 bits virtual
power management:



Memory: 4k page, physical 7903468k(103920k free), swap 1219740k(0k free)

vm_info: OpenJDK 64-Bit Server VM (25.152-b06) for linux-amd64 JRE (1.8.0_152-release-1136-b06), built by "builder" with gcc 7.3.0

time: Thu Feb 14 12:20:59 2019
elapsed time: 53 seconds (0d 0h 0m 53s)

